{"/home/travis/build/npmtest/node-npmtest-nedb/test.js":{"path":"/home/travis/build/npmtest/node-npmtest-nedb/test.js","s":{"1":2,"2":2,"3":2,"4":2,"5":2,"6":2,"7":2,"8":1,"9":2,"10":2,"11":1,"12":1,"13":1,"14":1,"15":2,"16":2,"17":2,"18":2,"19":1,"20":1,"21":2,"22":2,"23":2,"24":1,"25":1,"26":1,"27":1,"28":1,"29":1,"30":1,"31":1,"32":1,"33":1,"34":1,"35":1,"36":2,"37":2,"38":1,"39":2,"40":2,"41":1,"42":2,"43":2,"44":1,"45":1,"46":1,"47":1,"48":1},"b":{"1":[2,1,1,1],"2":[1,1,1,1],"3":[1,1],"4":[1,1],"5":[1,1],"6":[1,1],"7":[1,1],"8":[1,1],"9":[1,1,1],"10":[1,1],"11":[1,1],"12":[1,1],"13":[1,1],"14":[1,1],"15":[1,1]},"f":{"1":2,"2":2,"3":2,"4":2,"5":2,"6":1,"7":1,"8":2,"9":2,"10":2,"11":1},"fnMap":{"1":{"name":"(anonymous_1)","line":12,"loc":{"start":{"line":12,"column":1},"end":{"line":12,"column":13}}},"2":{"name":"(anonymous_2)","line":19,"loc":{"start":{"line":19,"column":5},"end":{"line":19,"column":17}}},"3":{"name":"(anonymous_3)","line":23,"loc":{"start":{"line":23,"column":24},"end":{"line":23,"column":36}}},"4":{"name":"(anonymous_4)","line":61,"loc":{"start":{"line":61,"column":5},"end":{"line":61,"column":17}}},"5":{"name":"(anonymous_5)","line":82,"loc":{"start":{"line":82,"column":5},"end":{"line":82,"column":17}}},"6":{"name":"(anonymous_6)","line":102,"loc":{"start":{"line":102,"column":83},"end":{"line":105,"column":10}},"skip":true},"7":{"name":"(anonymous_7)","line":113,"loc":{"start":{"line":113,"column":77},"end":{"line":116,"column":10}},"skip":true},"8":{"name":"(anonymous_8)","line":127,"loc":{"start":{"line":127,"column":77},"end":{"line":130,"column":10}},"skip":true},"9":{"name":"(anonymous_9)","line":138,"loc":{"start":{"line":138,"column":83},"end":{"line":141,"column":10}},"skip":true},"10":{"name":"(anonymous_10)","line":149,"loc":{"start":{"line":149,"column":79},"end":{"line":152,"column":10}},"skip":true},"11":{"name":"(anonymous_11)","line":160,"loc":{"start":{"line":160,"column":75},"end":{"line":163,"column":10}},"skip":true}},"statementMap":{"1":{"start":{"line":12,"column":0},"end":{"line":175,"column":5}},"2":{"start":{"line":14,"column":4},"end":{"line":14,"column":14}},"3":{"start":{"line":19,"column":4},"end":{"line":56,"column":9}},"4":{"start":{"line":21,"column":8},"end":{"line":21,"column":19}},"5":{"start":{"line":23,"column":8},"end":{"line":35,"column":13}},"6":{"start":{"line":24,"column":12},"end":{"line":34,"column":13}},"7":{"start":{"line":25,"column":16},"end":{"line":28,"column":30}},"8":{"start":{"line":30,"column":16},"end":{"line":33,"column":27}},"9":{"start":{"line":37,"column":8},"end":{"line":39,"column":21}},"10":{"start":{"line":40,"column":8},"end":{"line":53,"column":9}},"11":{"start":{"line":43,"column":12},"end":{"line":46,"column":14}},"12":{"start":{"line":47,"column":12},"end":{"line":47,"column":18}},"13":{"start":{"line":50,"column":12},"end":{"line":51,"column":46}},"14":{"start":{"line":52,"column":12},"end":{"line":52,"column":18}},"15":{"start":{"line":55,"column":8},"end":{"line":55,"column":35}},"16":{"start":{"line":61,"column":4},"end":{"line":63,"column":9}},"17":{"start":{"line":62,"column":8},"end":{"line":62,"column":15}},"18":{"start":{"line":64,"column":4},"end":{"line":77,"column":5}},"19":{"start":{"line":70,"column":8},"end":{"line":70,"column":14}},"20":{"start":{"line":76,"column":8},"end":{"line":76,"column":14}},"21":{"start":{"line":82,"column":4},"end":{"line":84,"column":9}},"22":{"start":{"line":83,"column":8},"end":{"line":83,"column":15}},"23":{"start":{"line":85,"column":4},"end":{"line":174,"column":5}},"24":{"start":{"line":92,"column":8},"end":{"line":94,"column":63}},"25":{"start":{"line":95,"column":8},"end":{"line":95,"column":14}},"26":{"start":{"line":102,"column":8},"end":{"line":111,"column":10},"skip":true},"27":{"start":{"line":109,"column":12},"end":{"line":109,"column":55},"skip":true},"28":{"start":{"line":110,"column":12},"end":{"line":110,"column":48},"skip":true},"29":{"start":{"line":113,"column":8},"end":{"line":125,"column":10},"skip":true},"30":{"start":{"line":120,"column":12},"end":{"line":120,"column":76},"skip":true},"31":{"start":{"line":121,"column":12},"end":{"line":121,"column":73},"skip":true},"32":{"start":{"line":122,"column":12},"end":{"line":122,"column":74},"skip":true},"33":{"start":{"line":123,"column":12},"end":{"line":123,"column":25},"skip":true},"34":{"start":{"line":124,"column":12},"end":{"line":124,"column":45},"skip":true},"35":{"start":{"line":127,"column":8},"end":{"line":136,"column":10},"skip":true},"36":{"start":{"line":134,"column":12},"end":{"line":134,"column":25},"skip":true},"37":{"start":{"line":135,"column":12},"end":{"line":135,"column":45},"skip":true},"38":{"start":{"line":138,"column":8},"end":{"line":147,"column":10},"skip":true},"39":{"start":{"line":145,"column":12},"end":{"line":145,"column":25},"skip":true},"40":{"start":{"line":146,"column":12},"end":{"line":146,"column":48},"skip":true},"41":{"start":{"line":149,"column":8},"end":{"line":158,"column":10},"skip":true},"42":{"start":{"line":156,"column":12},"end":{"line":156,"column":25},"skip":true},"43":{"start":{"line":157,"column":12},"end":{"line":157,"column":46},"skip":true},"44":{"start":{"line":160,"column":8},"end":{"line":169,"column":10},"skip":true},"45":{"start":{"line":167,"column":12},"end":{"line":167,"column":94},"skip":true},"46":{"start":{"line":168,"column":12},"end":{"line":168,"column":48},"skip":true},"47":{"start":{"line":172,"column":8},"end":{"line":172,"column":35},"skip":true},"48":{"start":{"line":173,"column":8},"end":{"line":173,"column":14},"skip":true}},"branchMap":{"1":{"line":25,"type":"binary-expr","locations":[{"start":{"line":25,"column":23},"end":{"line":25,"column":62}},{"start":{"line":26,"column":20},"end":{"line":26,"column":70}},{"start":{"line":27,"column":20},"end":{"line":27,"column":71}},{"start":{"line":28,"column":20},"end":{"line":28,"column":29}}]},"2":{"line":30,"type":"binary-expr","locations":[{"start":{"line":30,"column":23},"end":{"line":30,"column":37}},{"start":{"line":31,"column":20},"end":{"line":31,"column":61}},{"start":{"line":32,"column":20},"end":{"line":32,"column":70}},{"start":{"line":33,"column":20},"end":{"line":33,"column":26}}]},"3":{"line":37,"type":"cond-expr","locations":[{"start":{"line":38,"column":14},"end":{"line":38,"column":20}},{"start":{"line":39,"column":14},"end":{"line":39,"column":20}}]},"4":{"line":40,"type":"switch","locations":[{"start":{"line":42,"column":8},"end":{"line":47,"column":18}},{"start":{"line":49,"column":8},"end":{"line":52,"column":18}}]},"5":{"line":44,"type":"binary-expr","locations":[{"start":{"line":44,"column":16},"end":{"line":44,"column":44}},{"start":{"line":44,"column":48},"end":{"line":44,"column":66}}]},"6":{"line":50,"type":"binary-expr","locations":[{"start":{"line":50,"column":21},"end":{"line":50,"column":49}},{"start":{"line":50,"column":53},"end":{"line":50,"column":72}}]},"7":{"line":64,"type":"switch","locations":[{"start":{"line":69,"column":4},"end":{"line":70,"column":14}},{"start":{"line":75,"column":4},"end":{"line":76,"column":14}}]},"8":{"line":85,"type":"switch","locations":[{"start":{"line":90,"column":4},"end":{"line":95,"column":14}},{"start":{"line":101,"column":4},"end":{"line":173,"column":14},"skip":true}]},"9":{"line":92,"type":"binary-expr","locations":[{"start":{"line":92,"column":18},"end":{"line":92,"column":32}},{"start":{"line":93,"column":12},"end":{"line":93,"column":53}},{"start":{"line":94,"column":12},"end":{"line":94,"column":61}}]},"10":{"line":102,"type":"binary-expr","locations":[{"start":{"line":102,"column":45},"end":{"line":102,"column":79},"skip":true},{"start":{"line":102,"column":83},"end":{"line":111,"column":9},"skip":true}]},"11":{"line":113,"type":"binary-expr","locations":[{"start":{"line":113,"column":42},"end":{"line":113,"column":73},"skip":true},{"start":{"line":113,"column":77},"end":{"line":125,"column":9},"skip":true}]},"12":{"line":127,"type":"binary-expr","locations":[{"start":{"line":127,"column":42},"end":{"line":127,"column":73},"skip":true},{"start":{"line":127,"column":77},"end":{"line":136,"column":9},"skip":true}]},"13":{"line":138,"type":"binary-expr","locations":[{"start":{"line":138,"column":45},"end":{"line":138,"column":79},"skip":true},{"start":{"line":138,"column":83},"end":{"line":147,"column":9},"skip":true}]},"14":{"line":149,"type":"binary-expr","locations":[{"start":{"line":149,"column":43},"end":{"line":149,"column":75},"skip":true},{"start":{"line":149,"column":79},"end":{"line":158,"column":9},"skip":true}]},"15":{"line":160,"type":"binary-expr","locations":[{"start":{"line":160,"column":41},"end":{"line":160,"column":71},"skip":true},{"start":{"line":160,"column":75},"end":{"line":169,"column":9},"skip":true}]}},"code":["/* istanbul instrument in package npmtest_nedb */","/*jslint","    bitwise: true,","    browser: true,","    maxerr: 8,","    maxlen: 96,","    node: true,","    nomen: true,","    regexp: true,","    stupid: true","*/","(function () {","    'use strict';","    var local;","","","","    // run shared js-env code - pre-init","    (function () {","        // init local","        local = {};","        // init modeJs","        local.modeJs = (function () {","            try {","                return typeof navigator.userAgent === 'string' &&","                    typeof document.querySelector('body') === 'object' &&","                    typeof XMLHttpRequest.prototype.open === 'function' &&","                    'browser';","            } catch (errorCaughtBrowser) {","                return module.exports &&","                    typeof process.versions.node === 'string' &&","                    typeof require('http').createServer === 'function' &&","                    'node';","            }","        }());","        // init global","        local.global = local.modeJs === 'browser'","            ? window","            : global;","        switch (local.modeJs) {","        // re-init local from window.local","        case 'browser':","            local = local.global.utility2.objectSetDefault(","                local.global.utility2_rollup || local.global.local,","                local.global.utility2","            );","            break;","        // re-init local from example.js","        case 'node':","            local = (local.global.utility2_rollup || require('utility2'))","                .requireExampleJsFromReadme();","            break;","        }","        // export local","        local.global.local = local;","    }());","","","","    // run shared js-env code - function","    (function () {","        return;","    }());","    switch (local.modeJs) {","","","","    // run browser js-env code - function","    case 'browser':","        break;","","","","    // run node js-env code - function","    case 'node':","        break;","    }","","","","    // run shared js-env code - post-init","    (function () {","        return;","    }());","    switch (local.modeJs) {","","","","    // run browser js-env code - post-init","    case 'browser':","        // run tests","        local.nop(local.modeTest &&","            document.querySelector('#testRunButton1') &&","            document.querySelector('#testRunButton1').click());","        break;","","","","    // run node js-env code - post-init","    /* istanbul ignore next */","    case 'node':","        local.testCase_buildApidoc_default = local.testCase_buildApidoc_default || function (","            options,","            onError","        ) {","        /*","         * this function will test buildApidoc's default handling-behavior-behavior","         */","            options = { modulePathList: module.paths };","            local.buildApidoc(options, onError);","        };","","        local.testCase_buildApp_default = local.testCase_buildApp_default || function (","            options,","            onError","        ) {","        /*","         * this function will test buildApp's default handling-behavior-behavior","         */","            local.testCase_buildReadme_default(options, local.onErrorThrow);","            local.testCase_buildLib_default(options, local.onErrorThrow);","            local.testCase_buildTest_default(options, local.onErrorThrow);","            options = [];","            local.buildApp(options, onError);","        };","","        local.testCase_buildLib_default = local.testCase_buildLib_default || function (","            options,","            onError","        ) {","        /*","         * this function will test buildLib's default handling-behavior","         */","            options = {};","            local.buildLib(options, onError);","        };","","        local.testCase_buildReadme_default = local.testCase_buildReadme_default || function (","            options,","            onError","        ) {","        /*","         * this function will test buildReadme's default handling-behavior-behavior","         */","            options = {};","            local.buildReadme(options, onError);","        };","","        local.testCase_buildTest_default = local.testCase_buildTest_default || function (","            options,","            onError","        ) {","        /*","         * this function will test buildTest's default handling-behavior","         */","            options = {};","            local.buildTest(options, onError);","        };","","        local.testCase_webpage_default = local.testCase_webpage_default || function (","            options,","            onError","        ) {","        /*","         * this function will test webpage's default handling-behavior","         */","            options = { modeCoverageMerge: true, url: local.serverLocalHost + '?modeTest=1' };","            local.browserTest(options, onError);","        };","","        // run test-server","        local.testRunServer(local);","        break;","    }","}());",""],"l":{"12":2,"14":2,"19":2,"21":2,"23":2,"24":2,"25":2,"30":1,"37":2,"40":2,"43":1,"47":1,"50":1,"52":1,"55":2,"61":2,"62":2,"64":2,"70":1,"76":1,"82":2,"83":2,"85":2,"92":1,"95":1,"102":1,"109":1,"110":1,"113":1,"120":1,"121":1,"122":1,"123":1,"124":1,"127":1,"134":2,"135":2,"138":1,"145":2,"146":2,"149":1,"156":2,"157":2,"160":1,"167":1,"168":1,"172":1,"173":1}},"/home/travis/build/npmtest/node-npmtest-nedb/lib.npmtest_nedb.js":{"path":"/home/travis/build/npmtest/node-npmtest-nedb/lib.npmtest_nedb.js","s":{"1":2,"2":2,"3":2,"4":2,"5":2,"6":2,"7":2,"8":1,"9":2,"10":2,"11":2,"12":2,"13":1,"14":1,"15":1,"16":1},"b":{"1":[2,1,1,1],"2":[1,1,1,1],"3":[1,1],"4":[2,2],"5":[1,1]},"f":{"1":2,"2":2,"3":2},"fnMap":{"1":{"name":"(anonymous_1)","line":12,"loc":{"start":{"line":12,"column":1},"end":{"line":12,"column":13}}},"2":{"name":"(anonymous_2)","line":19,"loc":{"start":{"line":19,"column":5},"end":{"line":19,"column":17}}},"3":{"name":"(anonymous_3)","line":23,"loc":{"start":{"line":23,"column":24},"end":{"line":23,"column":36}}}},"statementMap":{"1":{"start":{"line":12,"column":0},"end":{"line":53,"column":5}},"2":{"start":{"line":14,"column":4},"end":{"line":14,"column":14}},"3":{"start":{"line":19,"column":4},"end":{"line":52,"column":9}},"4":{"start":{"line":21,"column":8},"end":{"line":21,"column":19}},"5":{"start":{"line":23,"column":8},"end":{"line":35,"column":13}},"6":{"start":{"line":24,"column":12},"end":{"line":34,"column":13}},"7":{"start":{"line":25,"column":16},"end":{"line":28,"column":30}},"8":{"start":{"line":30,"column":16},"end":{"line":33,"column":27}},"9":{"start":{"line":37,"column":8},"end":{"line":39,"column":21}},"10":{"start":{"line":41,"column":8},"end":{"line":41,"column":54}},"11":{"start":{"line":43,"column":8},"end":{"line":43,"column":49}},"12":{"start":{"line":45,"column":8},"end":{"line":51,"column":9}},"13":{"start":{"line":46,"column":12},"end":{"line":46,"column":55}},"14":{"start":{"line":48,"column":12},"end":{"line":48,"column":35}},"15":{"start":{"line":49,"column":12},"end":{"line":49,"column":49}},"16":{"start":{"line":50,"column":12},"end":{"line":50,"column":43}}},"branchMap":{"1":{"line":25,"type":"binary-expr","locations":[{"start":{"line":25,"column":23},"end":{"line":25,"column":62}},{"start":{"line":26,"column":20},"end":{"line":26,"column":70}},{"start":{"line":27,"column":20},"end":{"line":27,"column":71}},{"start":{"line":28,"column":20},"end":{"line":28,"column":29}}]},"2":{"line":30,"type":"binary-expr","locations":[{"start":{"line":30,"column":23},"end":{"line":30,"column":37}},{"start":{"line":31,"column":20},"end":{"line":31,"column":61}},{"start":{"line":32,"column":20},"end":{"line":32,"column":70}},{"start":{"line":33,"column":20},"end":{"line":33,"column":26}}]},"3":{"line":37,"type":"cond-expr","locations":[{"start":{"line":38,"column":14},"end":{"line":38,"column":20}},{"start":{"line":39,"column":14},"end":{"line":39,"column":20}}]},"4":{"line":41,"type":"binary-expr","locations":[{"start":{"line":41,"column":16},"end":{"line":41,"column":44}},{"start":{"line":41,"column":48},"end":{"line":41,"column":53}}]},"5":{"line":45,"type":"if","locations":[{"start":{"line":45,"column":8},"end":{"line":45,"column":8}},{"start":{"line":45,"column":8},"end":{"line":45,"column":8}}]}},"code":["/* istanbul instrument in package npmtest_nedb */","/*jslint","    bitwise: true,","    browser: true,","    maxerr: 8,","    maxlen: 96,","    node: true,","    nomen: true,","    regexp: true,","    stupid: true","*/","(function () {","    'use strict';","    var local;","","","","    // run shared js-env code - pre-init","    (function () {","        // init local","        local = {};","        // init modeJs","        local.modeJs = (function () {","            try {","                return typeof navigator.userAgent === 'string' &&","                    typeof document.querySelector('body') === 'object' &&","                    typeof XMLHttpRequest.prototype.open === 'function' &&","                    'browser';","            } catch (errorCaughtBrowser) {","                return module.exports &&","                    typeof process.versions.node === 'string' &&","                    typeof require('http').createServer === 'function' &&","                    'node';","            }","        }());","        // init global","        local.global = local.modeJs === 'browser'","            ? window","            : global;","        // init utility2_rollup","        local = local.global.utility2_rollup || local;","        // init lib","        local.local = local.npmtest_nedb = local;","        // init exports","        if (local.modeJs === 'browser') {","            local.global.utility2_npmtest_nedb = local;","        } else {","            module.exports = local;","            module.exports.__dirname = __dirname;","            module.exports.module = module;","        }","    }());","}());",""],"l":{"12":2,"14":2,"19":2,"21":2,"23":2,"24":2,"25":2,"30":1,"37":2,"41":2,"43":2,"45":2,"46":1,"48":1,"49":1,"50":1}},"/home/travis/build/npmtest/node-npmtest-nedb/example.js":{"path":"/home/travis/build/npmtest/node-npmtest-nedb/example.js","s":{"1":2,"2":2,"3":2,"4":2,"5":2,"6":2,"7":2,"8":1,"9":2,"10":2,"11":2,"12":2,"13":1,"14":2,"15":2,"16":2,"17":2,"18":2,"19":0,"20":2,"21":1,"22":1,"23":1,"24":1,"25":1,"26":0,"27":0,"28":1,"29":1,"30":2,"31":0,"32":0,"33":0,"34":1,"35":2,"36":2,"37":2,"38":2,"39":2,"40":2,"41":0,"42":2,"43":2,"44":2,"45":1,"46":3,"47":1,"48":1,"49":1,"50":1,"51":1,"52":1,"53":1,"54":1,"55":1,"56":1,"57":0,"58":1,"59":6,"60":6,"61":1,"62":2,"63":0,"64":2,"65":1,"66":1,"67":0,"68":0,"69":0,"70":0,"71":0,"72":0,"73":0,"74":0,"75":0,"76":0,"77":0,"78":0,"79":0,"80":0,"81":0,"82":0,"83":0},"b":{"1":[2,1,1,1],"2":[1,1,1,1],"3":[1,1],"4":[2,2],"5":[1,1],"6":[1,1],"7":[2,0],"8":[2,1,1,1,1,1],"9":[0,2,0],"10":[1,1],"11":[2,1,1],"12":[1,0],"13":[0,2],"14":[2,0,0,0,0,0,0],"15":[0,2],"16":[2,0],"17":[1,1],"18":[0,1],"19":[1,2,0,2],"20":[1,0],"21":[1,1],"22":[0,0],"23":[0,0],"24":[0,0],"25":[0,0],"26":[0,0],"27":[0,0],"28":[0,0]},"f":{"1":2,"2":2,"3":2,"4":2,"5":2,"6":2,"7":2,"8":2,"9":3,"10":1,"11":6,"12":0},"fnMap":{"1":{"name":"(anonymous_1)","line":26,"loc":{"start":{"line":26,"column":1},"end":{"line":26,"column":13}}},"2":{"name":"(anonymous_2)","line":33,"loc":{"start":{"line":33,"column":5},"end":{"line":33,"column":17}}},"3":{"name":"(anonymous_3)","line":37,"loc":{"start":{"line":37,"column":24},"end":{"line":37,"column":36}}},"4":{"name":"(anonymous_4)","line":69,"loc":{"start":{"line":69,"column":31},"end":{"line":69,"column":48}},"skip":true},"5":{"name":"(anonymous_5)","line":78,"loc":{"start":{"line":78,"column":26},"end":{"line":78,"column":45}},"skip":true},"6":{"name":"(anonymous_6)","line":123,"loc":{"start":{"line":123,"column":33},"end":{"line":123,"column":48}},"skip":true},"7":{"name":"(anonymous_7)","line":125,"loc":{"start":{"line":125,"column":27},"end":{"line":125,"column":39}},"skip":true},"8":{"name":"(anonymous_8)","line":133,"loc":{"start":{"line":133,"column":59},"end":{"line":133,"column":74}},"skip":true},"9":{"name":"(anonymous_9)","line":143,"loc":{"start":{"line":143,"column":45},"end":{"line":143,"column":62}},"skip":true},"10":{"name":"(anonymous_10)","line":144,"loc":{"start":{"line":144,"column":73},"end":{"line":144,"column":92}},"skip":true},"11":{"name":"(anonymous_11)","line":272,"loc":{"start":{"line":272,"column":51},"end":{"line":272,"column":77}},"skip":true},"12":{"name":"(anonymous_12)","line":314,"loc":{"start":{"line":314,"column":32},"end":{"line":314,"column":61}},"skip":true}},"statementMap":{"1":{"start":{"line":26,"column":0},"end":{"line":325,"column":5}},"2":{"start":{"line":28,"column":4},"end":{"line":28,"column":14}},"3":{"start":{"line":33,"column":4},"end":{"line":60,"column":9}},"4":{"start":{"line":35,"column":8},"end":{"line":35,"column":19}},"5":{"start":{"line":37,"column":8},"end":{"line":49,"column":13}},"6":{"start":{"line":38,"column":12},"end":{"line":48,"column":13}},"7":{"start":{"line":39,"column":16},"end":{"line":42,"column":30}},"8":{"start":{"line":44,"column":16},"end":{"line":47,"column":27}},"9":{"start":{"line":51,"column":8},"end":{"line":53,"column":21}},"10":{"start":{"line":55,"column":8},"end":{"line":57,"column":45}},"11":{"start":{"line":59,"column":8},"end":{"line":59,"column":35}},"12":{"start":{"line":61,"column":4},"end":{"line":324,"column":5}},"13":{"start":{"line":69,"column":8},"end":{"line":121,"column":10},"skip":true},"14":{"start":{"line":70,"column":12},"end":{"line":88,"column":13},"skip":true},"15":{"start":{"line":76,"column":16},"end":{"line":87,"column":19},"skip":true},"16":{"start":{"line":79,"column":20},"end":{"line":86,"column":21},"skip":true},"17":{"start":{"line":82,"column":24},"end":{"line":82,"column":43},"skip":true},"18":{"start":{"line":83,"column":24},"end":{"line":83,"column":30},"skip":true},"19":{"start":{"line":85,"column":24},"end":{"line":85,"column":49},"skip":true},"20":{"start":{"line":89,"column":12},"end":{"line":107,"column":13},"skip":true},"21":{"start":{"line":92,"column":16},"end":{"line":102,"column":17},"skip":true},"22":{"start":{"line":93,"column":20},"end":{"line":93,"column":86},"skip":true},"23":{"start":{"line":94,"column":20},"end":{"line":95,"column":45},"skip":true},"24":{"start":{"line":96,"column":20},"end":{"line":96,"column":42},"skip":true},"25":{"start":{"line":97,"column":20},"end":{"line":97,"column":48},"skip":true},"26":{"start":{"line":100,"column":20},"end":{"line":100,"column":85},"skip":true},"27":{"start":{"line":101,"column":20},"end":{"line":101,"column":96},"skip":true},"28":{"start":{"line":103,"column":16},"end":{"line":103,"column":22},"skip":true},"29":{"start":{"line":106,"column":16},"end":{"line":106,"column":22},"skip":true},"30":{"start":{"line":108,"column":12},"end":{"line":120,"column":13},"skip":true},"31":{"start":{"line":114,"column":16},"end":{"line":119,"column":17},"skip":true},"32":{"start":{"line":116,"column":20},"end":{"line":116,"column":78},"skip":true},"33":{"start":{"line":118,"column":20},"end":{"line":118,"column":53},"skip":true},"34":{"start":{"line":123,"column":8},"end":{"line":141,"column":11},"skip":true},"35":{"start":{"line":124,"column":12},"end":{"line":124,"column":54},"skip":true},"36":{"start":{"line":125,"column":12},"end":{"line":140,"column":14},"skip":true},"37":{"start":{"line":126,"column":16},"end":{"line":126,"column":28},"skip":true},"38":{"start":{"line":127,"column":16},"end":{"line":127,"column":69},"skip":true},"39":{"start":{"line":128,"column":16},"end":{"line":128,"column":75},"skip":true},"40":{"start":{"line":129,"column":16},"end":{"line":131,"column":17},"skip":true},"41":{"start":{"line":130,"column":20},"end":{"line":130,"column":27},"skip":true},"42":{"start":{"line":133,"column":16},"end":{"line":137,"column":36},"skip":true},"43":{"start":{"line":134,"column":20},"end":{"line":136,"column":55},"skip":true},"44":{"start":{"line":139,"column":16},"end":{"line":139,"column":57},"skip":true},"45":{"start":{"line":143,"column":8},"end":{"line":147,"column":11},"skip":true},"46":{"start":{"line":144,"column":12},"end":{"line":146,"column":15},"skip":true},"47":{"start":{"line":145,"column":16},"end":{"line":145,"column":70},"skip":true},"48":{"start":{"line":149,"column":8},"end":{"line":149,"column":31},"skip":true},"49":{"start":{"line":150,"column":8},"end":{"line":150,"column":14},"skip":true},"50":{"start":{"line":158,"column":8},"end":{"line":158,"column":31},"skip":true},"51":{"start":{"line":160,"column":8},"end":{"line":160,"column":33},"skip":true},"52":{"start":{"line":161,"column":8},"end":{"line":161,"column":37},"skip":true},"53":{"start":{"line":162,"column":8},"end":{"line":162,"column":35},"skip":true},"54":{"start":{"line":164,"column":8},"end":{"line":164,"column":50},"skip":true},"55":{"start":{"line":166,"column":8},"end":{"line":256,"column":2},"skip":true},"56":{"start":{"line":258,"column":8},"end":{"line":286,"column":9},"skip":true},"57":{"start":{"line":259,"column":12},"end":{"line":269,"column":14},"skip":true},"58":{"start":{"line":271,"column":12},"end":{"line":285,"column":19},"skip":true},"59":{"start":{"line":274,"column":20},"end":{"line":274,"column":35},"skip":true},"60":{"start":{"line":275,"column":20},"end":{"line":284,"column":21},"skip":true},"61":{"start":{"line":277,"column":24},"end":{"line":277,"column":64},"skip":true},"62":{"start":{"line":279,"column":24},"end":{"line":279,"column":40},"skip":true},"63":{"start":{"line":281,"column":24},"end":{"line":281,"column":40},"skip":true},"64":{"start":{"line":283,"column":24},"end":{"line":283,"column":39},"skip":true},"65":{"start":{"line":288,"column":8},"end":{"line":290,"column":9},"skip":true},"66":{"start":{"line":289,"column":12},"end":{"line":289,"column":18},"skip":true},"67":{"start":{"line":291,"column":8},"end":{"line":293,"column":54},"skip":true},"68":{"start":{"line":294,"column":8},"end":{"line":301,"column":37},"skip":true},"69":{"start":{"line":302,"column":8},"end":{"line":302,"column":82},"skip":true},"70":{"start":{"line":305,"column":8},"end":{"line":307,"column":9},"skip":true},"71":{"start":{"line":306,"column":12},"end":{"line":306,"column":82},"skip":true},"72":{"start":{"line":309,"column":8},"end":{"line":311,"column":9},"skip":true},"73":{"start":{"line":310,"column":12},"end":{"line":310,"column":18},"skip":true},"74":{"start":{"line":312,"column":8},"end":{"line":312,"column":54},"skip":true},"75":{"start":{"line":313,"column":8},"end":{"line":313,"column":69},"skip":true},"76":{"start":{"line":314,"column":8},"end":{"line":322,"column":36},"skip":true},"77":{"start":{"line":315,"column":12},"end":{"line":315,"column":61},"skip":true},"78":{"start":{"line":316,"column":12},"end":{"line":319,"column":13},"skip":true},"79":{"start":{"line":317,"column":16},"end":{"line":317,"column":75},"skip":true},"80":{"start":{"line":318,"column":16},"end":{"line":318,"column":23},"skip":true},"81":{"start":{"line":320,"column":12},"end":{"line":320,"column":38},"skip":true},"82":{"start":{"line":321,"column":12},"end":{"line":321,"column":27},"skip":true},"83":{"start":{"line":323,"column":8},"end":{"line":323,"column":14},"skip":true}},"branchMap":{"1":{"line":39,"type":"binary-expr","locations":[{"start":{"line":39,"column":23},"end":{"line":39,"column":62}},{"start":{"line":40,"column":20},"end":{"line":40,"column":70}},{"start":{"line":41,"column":20},"end":{"line":41,"column":71}},{"start":{"line":42,"column":20},"end":{"line":42,"column":29}}]},"2":{"line":44,"type":"binary-expr","locations":[{"start":{"line":44,"column":23},"end":{"line":44,"column":37}},{"start":{"line":45,"column":20},"end":{"line":45,"column":61}},{"start":{"line":46,"column":20},"end":{"line":46,"column":70}},{"start":{"line":47,"column":20},"end":{"line":47,"column":26}}]},"3":{"line":51,"type":"cond-expr","locations":[{"start":{"line":52,"column":14},"end":{"line":52,"column":20}},{"start":{"line":53,"column":14},"end":{"line":53,"column":20}}]},"4":{"line":55,"type":"binary-expr","locations":[{"start":{"line":55,"column":16},"end":{"line":55,"column":44}},{"start":{"line":55,"column":49},"end":{"line":57,"column":43}}]},"5":{"line":55,"type":"cond-expr","locations":[{"start":{"line":56,"column":14},"end":{"line":56,"column":48}},{"start":{"line":57,"column":14},"end":{"line":57,"column":43}}]},"6":{"line":61,"type":"switch","locations":[{"start":{"line":68,"column":4},"end":{"line":150,"column":14},"skip":true},{"start":{"line":156,"column":4},"end":{"line":323,"column":14},"skip":true}]},"7":{"line":70,"type":"if","locations":[{"start":{"line":70,"column":12},"end":{"line":70,"column":12},"skip":true},{"start":{"line":70,"column":12},"end":{"line":70,"column":12},"skip":true}]},"8":{"line":70,"type":"binary-expr","locations":[{"start":{"line":70,"column":16},"end":{"line":70,"column":22},"skip":true},{"start":{"line":70,"column":27},"end":{"line":70,"column":32},"skip":true},{"start":{"line":71,"column":20},"end":{"line":71,"column":39},"skip":true},{"start":{"line":72,"column":20},"end":{"line":72,"column":49},"skip":true},{"start":{"line":73,"column":20},"end":{"line":73,"column":58},"skip":true},{"start":{"line":74,"column":20},"end":{"line":74,"column":69},"skip":true}]},"9":{"line":79,"type":"switch","locations":[{"start":{"line":80,"column":20},"end":{"line":80,"column":33},"skip":true},{"start":{"line":81,"column":20},"end":{"line":83,"column":30},"skip":true},{"start":{"line":84,"column":20},"end":{"line":85,"column":49},"skip":true}]},"10":{"line":89,"type":"switch","locations":[{"start":{"line":90,"column":12},"end":{"line":103,"column":22},"skip":true},{"start":{"line":105,"column":12},"end":{"line":106,"column":22},"skip":true}]},"11":{"line":89,"type":"binary-expr","locations":[{"start":{"line":89,"column":20},"end":{"line":89,"column":25},"skip":true},{"start":{"line":89,"column":29},"end":{"line":89,"column":48},"skip":true},{"start":{"line":89,"column":52},"end":{"line":89,"column":74},"skip":true}]},"12":{"line":92,"type":"if","locations":[{"start":{"line":92,"column":16},"end":{"line":92,"column":16},"skip":true},{"start":{"line":92,"column":16},"end":{"line":92,"column":16},"skip":true}]},"13":{"line":108,"type":"if","locations":[{"start":{"line":108,"column":12},"end":{"line":108,"column":12},"skip":true},{"start":{"line":108,"column":12},"end":{"line":108,"column":12},"skip":true}]},"14":{"line":108,"type":"binary-expr","locations":[{"start":{"line":108,"column":16},"end":{"line":108,"column":61},"skip":true},{"start":{"line":108,"column":66},"end":{"line":108,"column":72},"skip":true},{"start":{"line":108,"column":77},"end":{"line":108,"column":82},"skip":true},{"start":{"line":109,"column":20},"end":{"line":109,"column":39},"skip":true},{"start":{"line":110,"column":20},"end":{"line":110,"column":49},"skip":true},{"start":{"line":111,"column":20},"end":{"line":111,"column":58},"skip":true},{"start":{"line":112,"column":20},"end":{"line":112,"column":68},"skip":true}]},"15":{"line":129,"type":"if","locations":[{"start":{"line":129,"column":16},"end":{"line":129,"column":16},"skip":true},{"start":{"line":129,"column":16},"end":{"line":129,"column":16},"skip":true}]},"16":{"line":134,"type":"cond-expr","locations":[{"start":{"line":135,"column":26},"end":{"line":135,"column":29},"skip":true},{"start":{"line":136,"column":26},"end":{"line":136,"column":54},"skip":true}]},"17":{"line":164,"type":"binary-expr","locations":[{"start":{"line":164,"column":27},"end":{"line":164,"column":43},"skip":true},{"start":{"line":164,"column":47},"end":{"line":164,"column":49},"skip":true}]},"18":{"line":258,"type":"if","locations":[{"start":{"line":258,"column":8},"end":{"line":258,"column":8},"skip":true},{"start":{"line":258,"column":8},"end":{"line":258,"column":8},"skip":true}]},"19":{"line":275,"type":"switch","locations":[{"start":{"line":276,"column":20},"end":{"line":277,"column":64},"skip":true},{"start":{"line":278,"column":20},"end":{"line":279,"column":40},"skip":true},{"start":{"line":280,"column":20},"end":{"line":281,"column":40},"skip":true},{"start":{"line":282,"column":20},"end":{"line":283,"column":39},"skip":true}]},"20":{"line":288,"type":"if","locations":[{"start":{"line":288,"column":8},"end":{"line":288,"column":8},"skip":true},{"start":{"line":288,"column":8},"end":{"line":288,"column":8},"skip":true}]},"21":{"line":288,"type":"binary-expr","locations":[{"start":{"line":288,"column":12},"end":{"line":288,"column":40},"skip":true},{"start":{"line":288,"column":44},"end":{"line":288,"column":67},"skip":true}]},"22":{"line":292,"type":"binary-expr","locations":[{"start":{"line":292,"column":12},"end":{"line":292,"column":50},"skip":true},{"start":{"line":293,"column":12},"end":{"line":293,"column":53},"skip":true}]},"23":{"line":295,"type":"binary-expr","locations":[{"start":{"line":295,"column":12},"end":{"line":295,"column":62},"skip":true},{"start":{"line":296,"column":12},"end":{"line":301,"column":36},"skip":true}]},"24":{"line":302,"type":"binary-expr","locations":[{"start":{"line":302,"column":43},"end":{"line":302,"column":75},"skip":true},{"start":{"line":302,"column":79},"end":{"line":302,"column":81},"skip":true}]},"25":{"line":305,"type":"if","locations":[{"start":{"line":305,"column":8},"end":{"line":305,"column":8},"skip":true},{"start":{"line":305,"column":8},"end":{"line":305,"column":8},"skip":true}]},"26":{"line":309,"type":"if","locations":[{"start":{"line":309,"column":8},"end":{"line":309,"column":8},"skip":true},{"start":{"line":309,"column":8},"end":{"line":309,"column":8},"skip":true}]},"27":{"line":312,"type":"binary-expr","locations":[{"start":{"line":312,"column":27},"end":{"line":312,"column":43},"skip":true},{"start":{"line":312,"column":47},"end":{"line":312,"column":53},"skip":true}]},"28":{"line":316,"type":"if","locations":[{"start":{"line":316,"column":12},"end":{"line":316,"column":12},"skip":true},{"start":{"line":316,"column":12},"end":{"line":316,"column":12},"skip":true}]}},"code":["/*","example.js","","quickstart example","","instruction","    1. save this script as example.js","    2. run the shell command:","        $ npm install npmtest-nedb && PORT=8081 node example.js","    3. play with the browser-demo on http://127.0.0.1:8081","*/","","","","/* istanbul instrument in package npmtest_nedb */","/*jslint","    bitwise: true,","    browser: true,","    maxerr: 8,","    maxlen: 96,","    node: true,","    nomen: true,","    regexp: true,","    stupid: true","*/","(function () {","    'use strict';","    var local;","","","","    // run shared js-env code - pre-init","    (function () {","        // init local","        local = {};","        // init modeJs","        local.modeJs = (function () {","            try {","                return typeof navigator.userAgent === 'string' &&","                    typeof document.querySelector('body') === 'object' &&","                    typeof XMLHttpRequest.prototype.open === 'function' &&","                    'browser';","            } catch (errorCaughtBrowser) {","                return module.exports &&","                    typeof process.versions.node === 'string' &&","                    typeof require('http').createServer === 'function' &&","                    'node';","            }","        }());","        // init global","        local.global = local.modeJs === 'browser'","            ? window","            : global;","        // init utility2_rollup","        local = local.global.utility2_rollup || (local.modeJs === 'browser'","            ? local.global.utility2_npmtest_nedb","            : global.utility2_moduleExports);","        // export local","        local.global.local = local;","    }());","    switch (local.modeJs) {","","","","    // post-init","    // run browser js-env code - post-init","    /* istanbul ignore next */","    case 'browser':","        local.testRunBrowser = function (event) {","            if (!event || (event &&","                    event.currentTarget &&","                    event.currentTarget.className &&","                    event.currentTarget.className.includes &&","                    event.currentTarget.className.includes('onreset'))) {","                // reset output","                Array.from(","                    document.querySelectorAll('body > .resettable')","                ).forEach(function (element) {","                    switch (element.tagName) {","                    case 'INPUT':","                    case 'TEXTAREA':","                        element.value = '';","                        break;","                    default:","                        element.textContent = '';","                    }","                });","            }","            switch (event && event.currentTarget && event.currentTarget.id) {","            case 'testRunButton1':","                // show tests","                if (document.querySelector('#testReportDiv1').style.display === 'none') {","                    document.querySelector('#testReportDiv1').style.display = 'block';","                    document.querySelector('#testRunButton1').textContent =","                        'hide internal test';","                    local.modeTest = true;","                    local.testRunDefault(local);","                // hide tests","                } else {","                    document.querySelector('#testReportDiv1').style.display = 'none';","                    document.querySelector('#testRunButton1').textContent = 'run internal test';","                }","                break;","            // custom-case","            default:","                break;","            }","            if (document.querySelector('#inputTextareaEval1') && (!event || (event &&","                    event.currentTarget &&","                    event.currentTarget.className &&","                    event.currentTarget.className.includes &&","                    event.currentTarget.className.includes('oneval')))) {","                // try to eval input-code","                try {","                    /*jslint evil: true*/","                    eval(document.querySelector('#inputTextareaEval1').value);","                } catch (errorCaught) {","                    console.error(errorCaught.stack);","                }","            }","        };","        // log stderr and stdout to #outputTextareaStdout1","        ['error', 'log'].forEach(function (key) {","            console[key + '_original'] = console[key];","            console[key] = function () {","                var element;","                console[key + '_original'].apply(console, arguments);","                element = document.querySelector('#outputTextareaStdout1');","                if (!element) {","                    return;","                }","                // append text to #outputTextareaStdout1","                element.value += Array.from(arguments).map(function (arg) {","                    return typeof arg === 'string'","                        ? arg","                        : JSON.stringify(arg, null, 4);","                }).join(' ') + '\\n';","                // scroll textarea to bottom","                element.scrollTop = element.scrollHeight;","            };","        });","        // init event-handling","        ['change', 'click', 'keyup'].forEach(function (event) {","            Array.from(document.querySelectorAll('.on' + event)).forEach(function (element) {","                element.addEventListener(event, local.testRunBrowser);","            });","        });","        // run tests","        local.testRunBrowser();","        break;","","","","    // run node js-env code - post-init","    /* istanbul ignore next */","    case 'node':","        // export local","        module.exports = local;","        // require modules","        local.fs = require('fs');","        local.http = require('http');","        local.url = require('url');","        // init assets","        local.assetsDict = local.assetsDict || {};","        /* jslint-ignore-begin */","        local.assetsDict['/assets.index.template.html'] = '\\","<!doctype html>\\n\\","<html lang=\"en\">\\n\\","<head>\\n\\","<meta charset=\"UTF-8\">\\n\\","<meta name=\"viewport\" content=\"width=device-width, initial-scale=1\">\\n\\","<title>{{env.npm_package_name}} (v{{env.npm_package_version}})</title>\\n\\","<style>\\n\\","/*csslint\\n\\","    box-sizing: false,\\n\\","    universal-selector: false\\n\\","*/\\n\\","* {\\n\\","    box-sizing: border-box;\\n\\","}\\n\\","body {\\n\\","    background: #dde;\\n\\","    font-family: Arial, Helvetica, sans-serif;\\n\\","    margin: 2rem;\\n\\","}\\n\\","body > * {\\n\\","    margin-bottom: 1rem;\\n\\","}\\n\\",".utility2FooterDiv {\\n\\","    margin-top: 20px;\\n\\","    text-align: center;\\n\\","}\\n\\","</style>\\n\\","<style>\\n\\","/*csslint\\n\\","*/\\n\\","textarea {\\n\\","    font-family: monospace;\\n\\","    height: 10rem;\\n\\","    width: 100%;\\n\\","}\\n\\","textarea[readonly] {\\n\\","    background: #ddd;\\n\\","}\\n\\","</style>\\n\\","</head>\\n\\","<body>\\n\\","<!-- utility2-comment\\n\\","<div id=\"ajaxProgressDiv1\" style=\"background: #d00; height: 2px; left: 0; margin: 0; padding: 0; position: fixed; top: 0; transition: background 0.5s, width 1.5s; width: 25%;\"></div>\\n\\","utility2-comment -->\\n\\","<h1>\\n\\","<!-- utility2-comment\\n\\","    <a\\n\\","        {{#if env.npm_package_homepage}}\\n\\","        href=\"{{env.npm_package_homepage}}\"\\n\\","        {{/if env.npm_package_homepage}}\\n\\","        target=\"_blank\"\\n\\","    >\\n\\","utility2-comment -->\\n\\","        {{env.npm_package_name}} (v{{env.npm_package_version}})\\n\\","<!-- utility2-comment\\n\\","    </a>\\n\\","utility2-comment -->\\n\\","</h1>\\n\\","<h3>{{env.npm_package_description}}</h3>\\n\\","<!-- utility2-comment\\n\\","<h4><a download href=\"assets.app.js\">download standalone app</a></h4>\\n\\","<button class=\"onclick onreset\" id=\"testRunButton1\">run internal test</button><br>\\n\\","<div id=\"testReportDiv1\" style=\"display: none;\"></div>\\n\\","utility2-comment -->\\n\\","\\n\\","\\n\\","\\n\\","<label>stderr and stdout</label>\\n\\","<textarea class=\"resettable\" id=\"outputTextareaStdout1\" readonly></textarea>\\n\\","<!-- utility2-comment\\n\\","{{#if isRollup}}\\n\\","<script src=\"assets.app.js\"></script>\\n\\","{{#unless isRollup}}\\n\\","utility2-comment -->\\n\\","<script src=\"assets.utility2.rollup.js\"></script>\\n\\","<script src=\"jsonp.utility2._stateInit?callback=window.utility2._stateInit\"></script>\\n\\","<script src=\"assets.npmtest_nedb.rollup.js\"></script>\\n\\","<script src=\"assets.example.js\"></script>\\n\\","<script src=\"assets.test.js\"></script>\\n\\","<!-- utility2-comment\\n\\","{{/if isRollup}}\\n\\","utility2-comment -->\\n\\","<div class=\"utility2FooterDiv\">\\n\\","    [ this app was created with\\n\\","    <a href=\"https://github.com/kaizhu256/node-utility2\" target=\"_blank\">utility2</a>\\n\\","    ]\\n\\","</div>\\n\\","</body>\\n\\","</html>\\n\\","';","        /* jslint-ignore-end */","        if (local.templateRender) {","            local.assetsDict['/'] = local.templateRender(","                local.assetsDict['/assets.index.template.html'],","                {","                    env: local.objectSetDefault(local.env, {","                        npm_package_description: 'the greatest app in the world!',","                        npm_package_name: 'my-app',","                        npm_package_nameAlias: 'my_app',","                        npm_package_version: '0.0.1'","                    })","                }","            );","        } else {","            local.assetsDict['/'] = local.assetsDict['/assets.index.template.html']","                .replace((/\\{\\{env\\.(\\w+?)\\}\\}/g), function (match0, match1) {","                    // jslint-hack","                    String(match0);","                    switch (match1) {","                    case 'npm_package_description':","                        return 'the greatest app in the world!';","                    case 'npm_package_name':","                        return 'my-app';","                    case 'npm_package_nameAlias':","                        return 'my_app';","                    case 'npm_package_version':","                        return '0.0.1';","                    }","                });","        }","        // run the cli","        if (local.global.utility2_rollup || module !== require.main) {","            break;","        }","        local.assetsDict['/assets.example.js'] =","            local.assetsDict['/assets.example.js'] ||","            local.fs.readFileSync(__filename, 'utf8');","        local.assetsDict['/assets.npmtest_nedb.rollup.js'] =","            local.assetsDict['/assets.npmtest_nedb.rollup.js'] ||","            local.fs.readFileSync(","                // buildCustomOrg-hack","                local.npmtest_nedb.__dirname +","                    '/lib.npmtest_nedb.js',","                'utf8'","            ).replace((/^#!/), '//');","        local.assetsDict['/favicon.ico'] = local.assetsDict['/favicon.ico'] || '';","        // if $npm_config_timeout_exit exists,","        // then exit this process after $npm_config_timeout_exit ms","        if (Number(process.env.npm_config_timeout_exit)) {","            setTimeout(process.exit, Number(process.env.npm_config_timeout_exit));","        }","        // start server","        if (local.global.utility2_serverHttp1) {","            break;","        }","        process.env.PORT = process.env.PORT || '8081';","        console.error('server starting on port ' + process.env.PORT);","        local.http.createServer(function (request, response) {","            request.urlParsed = local.url.parse(request.url);","            if (local.assetsDict[request.urlParsed.pathname] !== undefined) {","                response.end(local.assetsDict[request.urlParsed.pathname]);","                return;","            }","            response.statusCode = 404;","            response.end();","        }).listen(process.env.PORT);","        break;","    }","}());",""],"l":{"26":2,"28":2,"33":2,"35":2,"37":2,"38":2,"39":2,"44":1,"51":2,"55":2,"59":2,"61":2,"69":1,"70":2,"76":2,"79":2,"82":2,"83":2,"85":1,"89":2,"92":1,"93":1,"94":1,"96":1,"97":1,"100":1,"101":1,"103":1,"106":1,"108":2,"114":1,"116":1,"118":1,"123":1,"124":2,"125":2,"126":2,"127":2,"128":2,"129":2,"130":1,"133":2,"134":2,"139":2,"143":1,"144":3,"145":1,"149":1,"150":1,"158":1,"160":1,"161":1,"162":1,"164":1,"166":1,"258":1,"259":1,"271":1,"274":6,"275":6,"277":1,"279":2,"281":1,"283":2,"288":1,"289":1,"291":1,"294":1,"302":1,"305":1,"306":1,"309":1,"310":1,"312":1,"313":1,"314":1,"315":1,"316":1,"317":1,"318":1,"320":1,"321":1,"323":1}},"/home/travis/build/npmtest/node-npmtest-nedb/nedb/index.js":{"path":"/home/travis/build/npmtest/node-npmtest-nedb/nedb/index.js","s":{"1":1,"2":1},"b":{},"f":{},"fnMap":{},"statementMap":{"1":{"start":{"line":1,"column":0},"end":{"line":1,"column":43}},"2":{"start":{"line":3,"column":0},"end":{"line":3,"column":27}}},"branchMap":{},"code":["var Datastore = require('./lib/datastore');","","module.exports = Datastore;",""],"l":{"1":1,"3":1}},"/home/travis/build/npmtest/node-npmtest-nedb/nedb/lib/datastore.js":{"path":"/home/travis/build/npmtest/node-npmtest-nedb/nedb/lib/datastore.js","s":{"1":1,"2":1,"3":0,"4":0,"5":0,"6":0,"7":0,"8":0,"9":0,"10":0,"11":0,"12":0,"13":0,"14":0,"15":0,"16":0,"17":0,"18":0,"19":0,"20":0,"21":0,"22":0,"23":0,"24":0,"25":0,"26":0,"27":0,"28":1,"29":1,"30":0,"31":1,"32":0,"33":1,"34":0,"35":0,"36":0,"37":1,"38":0,"39":0,"40":0,"41":0,"42":0,"43":0,"44":0,"45":0,"46":0,"47":0,"48":0,"49":0,"50":0,"51":0,"52":0,"53":0,"54":0,"55":0,"56":0,"57":1,"58":0,"59":0,"60":0,"61":0,"62":0,"63":0,"64":1,"65":0,"66":0,"67":0,"68":0,"69":0,"70":0,"71":0,"72":0,"73":0,"74":0,"75":0,"76":1,"77":0,"78":0,"79":0,"80":1,"81":0,"82":0,"83":0,"84":0,"85":0,"86":0,"87":0,"88":0,"89":0,"90":0,"91":0,"92":1,"93":0,"94":0,"95":0,"96":0,"97":0,"98":0,"99":0,"100":0,"101":0,"102":0,"103":0,"104":0,"105":0,"106":0,"107":0,"108":0,"109":0,"110":0,"111":0,"112":0,"113":0,"114":0,"115":0,"116":0,"117":0,"118":0,"119":0,"120":0,"121":0,"122":0,"123":0,"124":0,"125":0,"126":0,"127":0,"128":0,"129":0,"130":0,"131":0,"132":0,"133":0,"134":0,"135":0,"136":0,"137":1,"138":0,"139":0,"140":0,"141":0,"142":0,"143":0,"144":0,"145":0,"146":0,"147":1,"148":0,"149":0,"150":0,"151":0,"152":1,"153":0,"154":0,"155":0,"156":0,"157":0,"158":0,"159":0,"160":0,"161":0,"162":0,"163":0,"164":0,"165":0,"166":0,"167":0,"168":1,"169":0,"170":0,"171":0,"172":1,"173":0,"174":0,"175":0,"176":0,"177":0,"178":0,"179":0,"180":0,"181":0,"182":0,"183":0,"184":1,"185":0,"186":1,"187":0,"188":0,"189":0,"190":0,"191":0,"192":0,"193":0,"194":1,"195":0,"196":0,"197":0,"198":0,"199":0,"200":0,"201":0,"202":0,"203":0,"204":0,"205":0,"206":0,"207":0,"208":0,"209":0,"210":0,"211":0,"212":0,"213":1,"214":0,"215":0,"216":0,"217":0,"218":0,"219":0,"220":0,"221":0,"222":0,"223":0,"224":0,"225":0,"226":0,"227":0,"228":0,"229":0,"230":0,"231":1,"232":0,"233":0,"234":0,"235":0,"236":0,"237":0,"238":0,"239":0,"240":0,"241":0,"242":0,"243":0,"244":0,"245":0,"246":0,"247":0,"248":0,"249":0,"250":0,"251":0,"252":0,"253":0,"254":0,"255":0,"256":0,"257":0,"258":0,"259":0,"260":0,"261":0,"262":0,"263":0,"264":0,"265":0,"266":0,"267":0,"268":0,"269":0,"270":0,"271":0,"272":0,"273":0,"274":0,"275":0,"276":0,"277":0,"278":0,"279":0,"280":0,"281":0,"282":0,"283":0,"284":0,"285":0,"286":0,"287":0,"288":0,"289":0,"290":1,"291":0,"292":1,"293":0,"294":0,"295":0,"296":0,"297":0,"298":0,"299":0,"300":0,"301":0,"302":0,"303":0,"304":0,"305":0,"306":0,"307":0,"308":0,"309":0,"310":0,"311":0,"312":0,"313":1,"314":0,"315":1},"b":{"1":[0,0],"2":[0,0],"3":[0,0],"4":[0,0],"5":[0,0],"6":[0,0],"7":[0,0,0],"8":[0,0],"9":[0,0],"10":[0,0],"11":[0,0],"12":[0,0],"13":[0,0],"14":[0,0],"15":[0,0],"16":[0,0],"17":[0,0],"18":[0,0],"19":[0,0],"20":[0,0],"21":[0,0],"22":[0,0],"23":[0,0],"24":[0,0,0,0,0],"25":[0,0],"26":[0,0],"27":[0,0],"28":[0,0],"29":[0,0],"30":[0,0,0,0,0],"31":[0,0],"32":[0,0],"33":[0,0],"34":[0,0,0],"35":[0,0],"36":[0,0],"37":[0,0],"38":[0,0],"39":[0,0],"40":[0,0],"41":[0,0],"42":[0,0],"43":[0,0],"44":[0,0],"45":[0,0],"46":[0,0],"47":[0,0],"48":[0,0],"49":[0,0],"50":[0,0],"51":[0,0],"52":[0,0],"53":[0,0],"54":[0,0],"55":[0,0],"56":[0,0],"57":[0,0],"58":[0,0],"59":[0,0],"60":[0,0],"61":[0,0],"62":[0,0],"63":[0,0],"64":[0,0],"65":[0,0],"66":[0,0],"67":[0,0],"68":[0,0],"69":[0,0],"70":[0,0,0],"71":[0,0],"72":[0,0],"73":[0,0],"74":[0,0],"75":[0,0],"76":[0,0],"77":[0,0],"78":[0,0],"79":[0,0],"80":[0,0],"81":[0,0,0],"82":[0,0]},"f":{"1":0,"2":0,"3":0,"4":0,"5":0,"6":0,"7":0,"8":0,"9":0,"10":0,"11":0,"12":0,"13":0,"14":0,"15":0,"16":0,"17":0,"18":0,"19":0,"20":0,"21":0,"22":0,"23":0,"24":0,"25":0,"26":0,"27":0,"28":0,"29":0,"30":0,"31":0,"32":0,"33":0,"34":0,"35":0,"36":0,"37":0,"38":0,"39":0,"40":0,"41":0,"42":0,"43":0,"44":0,"45":0,"46":0,"47":0,"48":0,"49":0,"50":0,"51":0,"52":0,"53":0,"54":0,"55":0,"56":0,"57":0,"58":0},"fnMap":{"1":{"name":"Datastore","line":29,"loc":{"start":{"line":29,"column":0},"end":{"line":29,"column":29}}},"2":{"name":"(anonymous_2)","line":76,"loc":{"start":{"line":76,"column":59},"end":{"line":76,"column":74}}},"3":{"name":"(anonymous_3)","line":87,"loc":{"start":{"line":87,"column":35},"end":{"line":87,"column":47}}},"4":{"name":"(anonymous_4)","line":95,"loc":{"start":{"line":95,"column":33},"end":{"line":95,"column":45}}},"5":{"name":"(anonymous_5)","line":103,"loc":{"start":{"line":103,"column":35},"end":{"line":103,"column":54}}},"6":{"name":"(anonymous_6)","line":106,"loc":{"start":{"line":106,"column":36},"end":{"line":106,"column":49}}},"7":{"name":"(anonymous_7)","line":122,"loc":{"start":{"line":122,"column":34},"end":{"line":122,"column":57}}},"8":{"name":"(anonymous_8)","line":124,"loc":{"start":{"line":124,"column":23},"end":{"line":124,"column":35}}},"9":{"name":"(anonymous_9)","line":146,"loc":{"start":{"line":146,"column":66},"end":{"line":146,"column":81}}},"10":{"name":"(anonymous_10)","line":158,"loc":{"start":{"line":158,"column":34},"end":{"line":158,"column":59}}},"11":{"name":"(anonymous_11)","line":159,"loc":{"start":{"line":159,"column":23},"end":{"line":159,"column":35}}},"12":{"name":"(anonymous_12)","line":163,"loc":{"start":{"line":163,"column":68},"end":{"line":163,"column":83}}},"13":{"name":"(anonymous_13)","line":173,"loc":{"start":{"line":173,"column":35},"end":{"line":173,"column":50}}},"14":{"name":"(anonymous_14)","line":202,"loc":{"start":{"line":202,"column":40},"end":{"line":202,"column":55}}},"15":{"name":"(anonymous_15)","line":205,"loc":{"start":{"line":205,"column":36},"end":{"line":205,"column":49}}},"16":{"name":"(anonymous_16)","line":216,"loc":{"start":{"line":216,"column":36},"end":{"line":216,"column":62}}},"17":{"name":"(anonymous_17)","line":255,"loc":{"start":{"line":255,"column":36},"end":{"line":255,"column":84}}},"18":{"name":"(anonymous_18)","line":267,"loc":{"start":{"line":267,"column":2},"end":{"line":267,"column":16}}},"19":{"name":"(anonymous_19)","line":270,"loc":{"start":{"line":270,"column":31},"end":{"line":270,"column":44}}},"20":{"name":"(anonymous_20)","line":282,"loc":{"start":{"line":282,"column":31},"end":{"line":282,"column":44}}},"21":{"name":"(anonymous_21)","line":294,"loc":{"start":{"line":294,"column":31},"end":{"line":294,"column":44}}},"22":{"name":"(anonymous_22)","line":308,"loc":{"start":{"line":308,"column":4},"end":{"line":308,"column":20}}},"23":{"name":"(anonymous_23)","line":313,"loc":{"start":{"line":313,"column":17},"end":{"line":313,"column":32}}},"24":{"name":"(anonymous_24)","line":315,"loc":{"start":{"line":315,"column":35},"end":{"line":315,"column":48}}},"25":{"name":"(anonymous_25)","line":323,"loc":{"start":{"line":323,"column":37},"end":{"line":323,"column":56}}},"26":{"name":"(anonymous_26)","line":324,"loc":{"start":{"line":324,"column":37},"end":{"line":324,"column":52}}},"27":{"name":"(anonymous_27)","line":328,"loc":{"start":{"line":328,"column":7},"end":{"line":328,"column":22}}},"28":{"name":"(anonymous_28)","line":341,"loc":{"start":{"line":341,"column":30},"end":{"line":341,"column":52}}},"29":{"name":"(anonymous_29)","line":342,"loc":{"start":{"line":342,"column":23},"end":{"line":342,"column":35}}},"30":{"name":"(anonymous_30)","line":353,"loc":{"start":{"line":353,"column":92},"end":{"line":353,"column":107}}},"31":{"name":"(anonymous_31)","line":362,"loc":{"start":{"line":362,"column":34},"end":{"line":362,"column":46}}},"32":{"name":"(anonymous_32)","line":376,"loc":{"start":{"line":376,"column":50},"end":{"line":376,"column":68}}},"33":{"name":"(anonymous_33)","line":381,"loc":{"start":{"line":381,"column":19},"end":{"line":381,"column":34}}},"34":{"name":"(anonymous_34)","line":398,"loc":{"start":{"line":398,"column":37},"end":{"line":398,"column":60}}},"35":{"name":"(anonymous_35)","line":411,"loc":{"start":{"line":411,"column":49},"end":{"line":411,"column":73}}},"36":{"name":"(anonymous_36)","line":433,"loc":{"start":{"line":433,"column":29},"end":{"line":433,"column":41}}},"37":{"name":"(anonymous_37)","line":442,"loc":{"start":{"line":442,"column":28},"end":{"line":442,"column":54}}},"38":{"name":"(anonymous_38)","line":443,"loc":{"start":{"line":443,"column":39},"end":{"line":443,"column":69}}},"39":{"name":"(anonymous_39)","line":462,"loc":{"start":{"line":462,"column":27},"end":{"line":462,"column":66}}},"40":{"name":"(anonymous_40)","line":476,"loc":{"start":{"line":476,"column":39},"end":{"line":476,"column":69}}},"41":{"name":"(anonymous_41)","line":501,"loc":{"start":{"line":501,"column":30},"end":{"line":501,"column":69}}},"42":{"name":"(anonymous_42)","line":515,"loc":{"start":{"line":515,"column":39},"end":{"line":515,"column":69}}},"43":{"name":"(anonymous_43)","line":558,"loc":{"start":{"line":558,"column":30},"end":{"line":558,"column":73}}},"44":{"name":"(anonymous_44)","line":567,"loc":{"start":{"line":567,"column":19},"end":{"line":567,"column":31}}},"45":{"name":"(anonymous_45)","line":572,"loc":{"start":{"line":572,"column":2},"end":{"line":572,"column":16}}},"46":{"name":"(anonymous_46)","line":577,"loc":{"start":{"line":577,"column":26},"end":{"line":577,"column":47}}},"47":{"name":"(anonymous_47)","line":598,"loc":{"start":{"line":598,"column":42},"end":{"line":598,"column":65}}},"48":{"name":"(anonymous_48)","line":605,"loc":{"start":{"line":605,"column":4},"end":{"line":605,"column":16}}},"49":{"name":"(anonymous_49)","line":608,"loc":{"start":{"line":608,"column":30},"end":{"line":608,"column":57}}},"50":{"name":"(anonymous_50)","line":639,"loc":{"start":{"line":639,"column":52},"end":{"line":639,"column":67}}},"51":{"name":"(anonymous_51)","line":645,"loc":{"start":{"line":645,"column":30},"end":{"line":645,"column":45}}},"52":{"name":"(anonymous_52)","line":654,"loc":{"start":{"line":654,"column":29},"end":{"line":654,"column":41}}},"53":{"name":"(anonymous_53)","line":669,"loc":{"start":{"line":669,"column":30},"end":{"line":669,"column":60}}},"54":{"name":"(anonymous_54)","line":675,"loc":{"start":{"line":675,"column":19},"end":{"line":675,"column":31}}},"55":{"name":"(anonymous_55)","line":678,"loc":{"start":{"line":678,"column":34},"end":{"line":678,"column":61}}},"56":{"name":"(anonymous_56)","line":682,"loc":{"start":{"line":682,"column":25},"end":{"line":682,"column":38}}},"57":{"name":"(anonymous_57)","line":691,"loc":{"start":{"line":691,"column":50},"end":{"line":691,"column":65}}},"58":{"name":"(anonymous_58)","line":698,"loc":{"start":{"line":698,"column":29},"end":{"line":698,"column":41}}}},"statementMap":{"1":{"start":{"line":1,"column":0},"end":{"line":10,"column":3}},"2":{"start":{"line":29,"column":0},"end":{"line":79,"column":1}},"3":{"start":{"line":30,"column":2},"end":{"line":30,"column":15}},"4":{"start":{"line":33,"column":2},"end":{"line":42,"column":3}},"5":{"start":{"line":34,"column":4},"end":{"line":34,"column":23}},"6":{"start":{"line":35,"column":4},"end":{"line":35,"column":30}},"7":{"start":{"line":37,"column":4},"end":{"line":37,"column":28}},"8":{"start":{"line":38,"column":4},"end":{"line":38,"column":32}},"9":{"start":{"line":39,"column":4},"end":{"line":39,"column":54}},"10":{"start":{"line":40,"column":4},"end":{"line":40,"column":46}},"11":{"start":{"line":41,"column":4},"end":{"line":41,"column":56}},"12":{"start":{"line":45,"column":2},"end":{"line":50,"column":3}},"13":{"start":{"line":46,"column":4},"end":{"line":46,"column":25}},"14":{"start":{"line":47,"column":4},"end":{"line":47,"column":29}},"15":{"start":{"line":49,"column":4},"end":{"line":49,"column":29}},"16":{"start":{"line":53,"column":2},"end":{"line":53,"column":47}},"17":{"start":{"line":56,"column":2},"end":{"line":60,"column":41}},"18":{"start":{"line":64,"column":2},"end":{"line":64,"column":33}},"19":{"start":{"line":65,"column":2},"end":{"line":65,"column":56}},"20":{"start":{"line":65,"column":27},"end":{"line":65,"column":54}},"21":{"start":{"line":70,"column":2},"end":{"line":70,"column":20}},"22":{"start":{"line":71,"column":2},"end":{"line":71,"column":67}},"23":{"start":{"line":72,"column":2},"end":{"line":72,"column":23}},"24":{"start":{"line":76,"column":2},"end":{"line":78,"column":7}},"25":{"start":{"line":76,"column":23},"end":{"line":78,"column":5}},"26":{"start":{"line":77,"column":4},"end":{"line":77,"column":27}},"27":{"start":{"line":77,"column":15},"end":{"line":77,"column":25}},"28":{"start":{"line":81,"column":0},"end":{"line":81,"column":57}},"29":{"start":{"line":87,"column":0},"end":{"line":89,"column":2}},"30":{"start":{"line":88,"column":2},"end":{"line":88,"column":112}},"31":{"start":{"line":95,"column":0},"end":{"line":97,"column":2}},"32":{"start":{"line":96,"column":2},"end":{"line":96,"column":35}},"33":{"start":{"line":103,"column":0},"end":{"line":109,"column":2}},"34":{"start":{"line":104,"column":2},"end":{"line":104,"column":18}},"35":{"start":{"line":106,"column":2},"end":{"line":108,"column":5}},"36":{"start":{"line":107,"column":4},"end":{"line":107,"column":35}},"37":{"start":{"line":122,"column":0},"end":{"line":150,"column":2}},"38":{"start":{"line":123,"column":2},"end":{"line":124,"column":38}},"39":{"start":{"line":126,"column":2},"end":{"line":126,"column":26}},"40":{"start":{"line":128,"column":2},"end":{"line":132,"column":3}},"41":{"start":{"line":129,"column":4},"end":{"line":129,"column":66}},"42":{"start":{"line":130,"column":4},"end":{"line":130,"column":32}},"43":{"start":{"line":131,"column":4},"end":{"line":131,"column":25}},"44":{"start":{"line":133,"column":2},"end":{"line":133,"column":65}},"45":{"start":{"line":133,"column":41},"end":{"line":133,"column":63}},"46":{"start":{"line":135,"column":2},"end":{"line":135,"column":55}},"47":{"start":{"line":136,"column":2},"end":{"line":136,"column":116}},"48":{"start":{"line":136,"column":50},"end":{"line":136,"column":114}},"49":{"start":{"line":138,"column":2},"end":{"line":143,"column":3}},"50":{"start":{"line":139,"column":4},"end":{"line":139,"column":62}},"51":{"start":{"line":141,"column":4},"end":{"line":141,"column":43}},"52":{"start":{"line":142,"column":4},"end":{"line":142,"column":23}},"53":{"start":{"line":146,"column":2},"end":{"line":149,"column":5}},"54":{"start":{"line":147,"column":4},"end":{"line":147,"column":38}},"55":{"start":{"line":147,"column":15},"end":{"line":147,"column":36}},"56":{"start":{"line":148,"column":4},"end":{"line":148,"column":26}},"57":{"start":{"line":158,"column":0},"end":{"line":167,"column":2}},"58":{"start":{"line":159,"column":2},"end":{"line":159,"column":38}},"59":{"start":{"line":161,"column":2},"end":{"line":161,"column":33}},"60":{"start":{"line":163,"column":2},"end":{"line":166,"column":5}},"61":{"start":{"line":164,"column":4},"end":{"line":164,"column":38}},"62":{"start":{"line":164,"column":15},"end":{"line":164,"column":36}},"63":{"start":{"line":165,"column":4},"end":{"line":165,"column":26}},"64":{"start":{"line":173,"column":0},"end":{"line":196,"column":2}},"65":{"start":{"line":174,"column":2},"end":{"line":176,"column":5}},"66":{"start":{"line":178,"column":2},"end":{"line":186,"column":3}},"67":{"start":{"line":179,"column":4},"end":{"line":185,"column":5}},"68":{"start":{"line":180,"column":6},"end":{"line":180,"column":40}},"69":{"start":{"line":182,"column":6},"end":{"line":182,"column":23}},"70":{"start":{"line":183,"column":6},"end":{"line":183,"column":16}},"71":{"start":{"line":184,"column":6},"end":{"line":184,"column":12}},"72":{"start":{"line":189,"column":2},"end":{"line":195,"column":3}},"73":{"start":{"line":190,"column":4},"end":{"line":192,"column":5}},"74":{"start":{"line":191,"column":6},"end":{"line":191,"column":40}},"75":{"start":{"line":194,"column":4},"end":{"line":194,"column":16}},"76":{"start":{"line":202,"column":0},"end":{"line":208,"column":2}},"77":{"start":{"line":203,"column":2},"end":{"line":203,"column":18}},"78":{"start":{"line":205,"column":2},"end":{"line":207,"column":5}},"79":{"start":{"line":206,"column":4},"end":{"line":206,"column":32}},"80":{"start":{"line":216,"column":0},"end":{"line":239,"column":2}},"81":{"start":{"line":217,"column":2},"end":{"line":219,"column":5}},"82":{"start":{"line":221,"column":2},"end":{"line":229,"column":3}},"83":{"start":{"line":222,"column":4},"end":{"line":228,"column":5}},"84":{"start":{"line":223,"column":6},"end":{"line":223,"column":51}},"85":{"start":{"line":225,"column":6},"end":{"line":225,"column":23}},"86":{"start":{"line":226,"column":6},"end":{"line":226,"column":16}},"87":{"start":{"line":227,"column":6},"end":{"line":227,"column":12}},"88":{"start":{"line":232,"column":2},"end":{"line":238,"column":3}},"89":{"start":{"line":233,"column":4},"end":{"line":235,"column":5}},"90":{"start":{"line":234,"column":6},"end":{"line":234,"column":57}},"91":{"start":{"line":237,"column":4},"end":{"line":237,"column":16}},"92":{"start":{"line":255,"column":0},"end":{"line":332,"column":2}},"93":{"start":{"line":256,"column":2},"end":{"line":258,"column":22}},"94":{"start":{"line":260,"column":2},"end":{"line":263,"column":3}},"95":{"start":{"line":261,"column":4},"end":{"line":261,"column":35}},"96":{"start":{"line":262,"column":4},"end":{"line":262,"column":32}},"97":{"start":{"line":265,"column":2},"end":{"line":331,"column":6}},"98":{"start":{"line":269,"column":4},"end":{"line":269,"column":25}},"99":{"start":{"line":270,"column":4},"end":{"line":274,"column":7}},"100":{"start":{"line":271,"column":6},"end":{"line":273,"column":7}},"101":{"start":{"line":272,"column":8},"end":{"line":272,"column":32}},"102":{"start":{"line":275,"column":4},"end":{"line":275,"column":66}},"103":{"start":{"line":276,"column":4},"end":{"line":278,"column":5}},"104":{"start":{"line":277,"column":6},"end":{"line":277,"column":95}},"105":{"start":{"line":281,"column":4},"end":{"line":281,"column":25}},"106":{"start":{"line":282,"column":4},"end":{"line":286,"column":7}},"107":{"start":{"line":283,"column":6},"end":{"line":285,"column":7}},"108":{"start":{"line":284,"column":8},"end":{"line":284,"column":32}},"109":{"start":{"line":287,"column":4},"end":{"line":287,"column":66}},"110":{"start":{"line":288,"column":4},"end":{"line":290,"column":5}},"111":{"start":{"line":289,"column":6},"end":{"line":289,"column":99}},"112":{"start":{"line":293,"column":4},"end":{"line":293,"column":25}},"113":{"start":{"line":294,"column":4},"end":{"line":298,"column":7}},"114":{"start":{"line":295,"column":6},"end":{"line":297,"column":7}},"115":{"start":{"line":296,"column":8},"end":{"line":296,"column":32}},"116":{"start":{"line":299,"column":4},"end":{"line":299,"column":66}},"117":{"start":{"line":300,"column":4},"end":{"line":302,"column":5}},"118":{"start":{"line":301,"column":6},"end":{"line":301,"column":100}},"119":{"start":{"line":305,"column":4},"end":{"line":305,"column":39}},"120":{"start":{"line":309,"column":4},"end":{"line":309,"column":61}},"121":{"start":{"line":309,"column":31},"end":{"line":309,"column":59}},"122":{"start":{"line":311,"column":4},"end":{"line":311,"column":97}},"123":{"start":{"line":313,"column":4},"end":{"line":321,"column":7}},"124":{"start":{"line":314,"column":6},"end":{"line":314,"column":23}},"125":{"start":{"line":315,"column":6},"end":{"line":319,"column":9}},"126":{"start":{"line":316,"column":8},"end":{"line":318,"column":9}},"127":{"start":{"line":317,"column":10},"end":{"line":317,"column":24}},"128":{"start":{"line":320,"column":6},"end":{"line":320,"column":80}},"129":{"start":{"line":320,"column":19},"end":{"line":320,"column":39}},"130":{"start":{"line":320,"column":49},"end":{"line":320,"column":78}},"131":{"start":{"line":323,"column":4},"end":{"line":330,"column":7}},"132":{"start":{"line":324,"column":6},"end":{"line":327,"column":9}},"133":{"start":{"line":325,"column":8},"end":{"line":325,"column":42}},"134":{"start":{"line":325,"column":19},"end":{"line":325,"column":40}},"135":{"start":{"line":326,"column":8},"end":{"line":326,"column":20}},"136":{"start":{"line":329,"column":6},"end":{"line":329,"column":39}},"137":{"start":{"line":341,"column":0},"end":{"line":357,"column":2}},"138":{"start":{"line":342,"column":2},"end":{"line":344,"column":5}},"139":{"start":{"line":346,"column":2},"end":{"line":351,"column":3}},"140":{"start":{"line":347,"column":4},"end":{"line":347,"column":58}},"141":{"start":{"line":348,"column":4},"end":{"line":348,"column":37}},"142":{"start":{"line":350,"column":4},"end":{"line":350,"column":23}},"143":{"start":{"line":353,"column":2},"end":{"line":356,"column":5}},"144":{"start":{"line":354,"column":4},"end":{"line":354,"column":38}},"145":{"start":{"line":354,"column":15},"end":{"line":354,"column":36}},"146":{"start":{"line":355,"column":4},"end":{"line":355,"column":55}},"147":{"start":{"line":362,"column":0},"end":{"line":369,"column":2}},"148":{"start":{"line":363,"column":2},"end":{"line":363,"column":40}},"149":{"start":{"line":365,"column":2},"end":{"line":367,"column":3}},"150":{"start":{"line":366,"column":4},"end":{"line":366,"column":37}},"151":{"start":{"line":368,"column":2},"end":{"line":368,"column":21}},"152":{"start":{"line":376,"column":0},"end":{"line":392,"column":2}},"153":{"start":{"line":377,"column":2},"end":{"line":377,"column":31}},"154":{"start":{"line":379,"column":2},"end":{"line":389,"column":3}},"155":{"start":{"line":380,"column":4},"end":{"line":380,"column":21}},"156":{"start":{"line":381,"column":4},"end":{"line":381,"column":96}},"157":{"start":{"line":381,"column":36},"end":{"line":381,"column":92}},"158":{"start":{"line":383,"column":4},"end":{"line":383,"column":41}},"159":{"start":{"line":384,"column":4},"end":{"line":384,"column":80}},"160":{"start":{"line":384,"column":41},"end":{"line":384,"column":78}},"161":{"start":{"line":385,"column":4},"end":{"line":385,"column":25}},"162":{"start":{"line":386,"column":4},"end":{"line":386,"column":99}},"163":{"start":{"line":386,"column":69},"end":{"line":386,"column":97}},"164":{"start":{"line":387,"column":4},"end":{"line":387,"column":99}},"165":{"start":{"line":387,"column":69},"end":{"line":387,"column":97}},"166":{"start":{"line":388,"column":4},"end":{"line":388,"column":35}},"167":{"start":{"line":391,"column":2},"end":{"line":391,"column":21}},"168":{"start":{"line":398,"column":0},"end":{"line":404,"column":2}},"169":{"start":{"line":399,"column":2},"end":{"line":403,"column":3}},"170":{"start":{"line":400,"column":4},"end":{"line":400,"column":49}},"171":{"start":{"line":402,"column":4},"end":{"line":402,"column":35}},"172":{"start":{"line":411,"column":0},"end":{"line":431,"column":2}},"173":{"start":{"line":412,"column":2},"end":{"line":412,"column":25}},"174":{"start":{"line":414,"column":2},"end":{"line":422,"column":3}},"175":{"start":{"line":415,"column":4},"end":{"line":421,"column":5}},"176":{"start":{"line":416,"column":6},"end":{"line":416,"column":41}},"177":{"start":{"line":418,"column":6},"end":{"line":418,"column":16}},"178":{"start":{"line":419,"column":6},"end":{"line":419,"column":19}},"179":{"start":{"line":420,"column":6},"end":{"line":420,"column":12}},"180":{"start":{"line":424,"column":2},"end":{"line":430,"column":3}},"181":{"start":{"line":425,"column":4},"end":{"line":427,"column":5}},"182":{"start":{"line":426,"column":6},"end":{"line":426,"column":46}},"183":{"start":{"line":429,"column":4},"end":{"line":429,"column":16}},"184":{"start":{"line":433,"column":0},"end":{"line":435,"column":2}},"185":{"start":{"line":434,"column":2},"end":{"line":434,"column":77}},"186":{"start":{"line":442,"column":0},"end":{"line":453,"column":2}},"187":{"start":{"line":443,"column":2},"end":{"line":446,"column":5}},"188":{"start":{"line":444,"column":4},"end":{"line":444,"column":38}},"189":{"start":{"line":444,"column":15},"end":{"line":444,"column":36}},"190":{"start":{"line":445,"column":4},"end":{"line":445,"column":39}},"191":{"start":{"line":448,"column":2},"end":{"line":452,"column":3}},"192":{"start":{"line":449,"column":4},"end":{"line":449,"column":26}},"193":{"start":{"line":451,"column":4},"end":{"line":451,"column":18}},"194":{"start":{"line":462,"column":0},"end":{"line":493,"column":2}},"195":{"start":{"line":463,"column":2},"end":{"line":474,"column":3}},"196":{"start":{"line":465,"column":6},"end":{"line":465,"column":22}},"197":{"start":{"line":467,"column":6},"end":{"line":467,"column":12}},"198":{"start":{"line":469,"column":6},"end":{"line":472,"column":7}},"199":{"start":{"line":470,"column":8},"end":{"line":470,"column":30}},"200":{"start":{"line":471,"column":8},"end":{"line":471,"column":24}},"201":{"start":{"line":473,"column":6},"end":{"line":473,"column":12}},"202":{"start":{"line":476,"column":2},"end":{"line":485,"column":5}},"203":{"start":{"line":477,"column":4},"end":{"line":477,"column":20}},"204":{"start":{"line":479,"column":4},"end":{"line":479,"column":38}},"205":{"start":{"line":479,"column":15},"end":{"line":479,"column":36}},"206":{"start":{"line":481,"column":4},"end":{"line":483,"column":5}},"207":{"start":{"line":482,"column":6},"end":{"line":482,"column":40}},"208":{"start":{"line":484,"column":4},"end":{"line":484,"column":31}},"209":{"start":{"line":487,"column":2},"end":{"line":487,"column":32}},"210":{"start":{"line":488,"column":2},"end":{"line":492,"column":3}},"211":{"start":{"line":489,"column":4},"end":{"line":489,"column":26}},"212":{"start":{"line":491,"column":4},"end":{"line":491,"column":18}},"213":{"start":{"line":501,"column":0},"end":{"line":530,"column":2}},"214":{"start":{"line":502,"column":2},"end":{"line":513,"column":3}},"215":{"start":{"line":504,"column":6},"end":{"line":504,"column":22}},"216":{"start":{"line":506,"column":6},"end":{"line":506,"column":12}},"217":{"start":{"line":508,"column":6},"end":{"line":511,"column":7}},"218":{"start":{"line":509,"column":8},"end":{"line":509,"column":30}},"219":{"start":{"line":510,"column":8},"end":{"line":510,"column":24}},"220":{"start":{"line":512,"column":6},"end":{"line":512,"column":12}},"221":{"start":{"line":515,"column":2},"end":{"line":522,"column":5}},"222":{"start":{"line":516,"column":4},"end":{"line":516,"column":38}},"223":{"start":{"line":516,"column":15},"end":{"line":516,"column":36}},"224":{"start":{"line":517,"column":4},"end":{"line":521,"column":5}},"225":{"start":{"line":518,"column":6},"end":{"line":518,"column":53}},"226":{"start":{"line":520,"column":6},"end":{"line":520,"column":34}},"227":{"start":{"line":524,"column":2},"end":{"line":524,"column":41}},"228":{"start":{"line":525,"column":2},"end":{"line":529,"column":3}},"229":{"start":{"line":526,"column":4},"end":{"line":526,"column":26}},"230":{"start":{"line":528,"column":4},"end":{"line":528,"column":18}},"231":{"start":{"line":558,"column":0},"end":{"line":652,"column":2}},"232":{"start":{"line":559,"column":2},"end":{"line":564,"column":5}},"233":{"start":{"line":566,"column":2},"end":{"line":566,"column":68}},"234":{"start":{"line":566,"column":39},"end":{"line":566,"column":52}},"235":{"start":{"line":566,"column":53},"end":{"line":566,"column":66}},"236":{"start":{"line":567,"column":2},"end":{"line":567,"column":34}},"237":{"start":{"line":568,"column":2},"end":{"line":568,"column":62}},"238":{"start":{"line":569,"column":2},"end":{"line":569,"column":65}},"239":{"start":{"line":571,"column":2},"end":{"line":651,"column":6}},"240":{"start":{"line":573,"column":4},"end":{"line":573,"column":33}},"241":{"start":{"line":573,"column":19},"end":{"line":573,"column":31}},"242":{"start":{"line":576,"column":4},"end":{"line":576,"column":41}},"243":{"start":{"line":577,"column":4},"end":{"line":603,"column":7}},"244":{"start":{"line":578,"column":6},"end":{"line":578,"column":40}},"245":{"start":{"line":578,"column":17},"end":{"line":578,"column":38}},"246":{"start":{"line":579,"column":6},"end":{"line":602,"column":7}},"247":{"start":{"line":580,"column":8},"end":{"line":580,"column":20}},"248":{"start":{"line":582,"column":8},"end":{"line":582,"column":25}},"249":{"start":{"line":584,"column":8},"end":{"line":596,"column":9}},"250":{"start":{"line":585,"column":10},"end":{"line":585,"column":41}},"251":{"start":{"line":587,"column":10},"end":{"line":587,"column":37}},"252":{"start":{"line":591,"column":10},"end":{"line":595,"column":11}},"253":{"start":{"line":592,"column":12},"end":{"line":592,"column":82}},"254":{"start":{"line":594,"column":12},"end":{"line":594,"column":33}},"255":{"start":{"line":598,"column":8},"end":{"line":601,"column":11}},"256":{"start":{"line":599,"column":10},"end":{"line":599,"column":44}},"257":{"start":{"line":599,"column":21},"end":{"line":599,"column":42}},"258":{"start":{"line":600,"column":10},"end":{"line":600,"column":49}},"259":{"start":{"line":606,"column":4},"end":{"line":606,"column":52}},"260":{"start":{"line":608,"column":4},"end":{"line":650,"column":7}},"261":{"start":{"line":609,"column":6},"end":{"line":609,"column":40}},"262":{"start":{"line":609,"column":17},"end":{"line":609,"column":38}},"263":{"start":{"line":613,"column":6},"end":{"line":628,"column":7}},"264":{"start":{"line":614,"column":8},"end":{"line":625,"column":9}},"265":{"start":{"line":615,"column":10},"end":{"line":624,"column":11}},"266":{"start":{"line":616,"column":12},"end":{"line":616,"column":29}},"267":{"start":{"line":617,"column":12},"end":{"line":617,"column":76}},"268":{"start":{"line":617,"column":38},"end":{"line":617,"column":74}},"269":{"start":{"line":618,"column":12},"end":{"line":618,"column":67}},"270":{"start":{"line":619,"column":12},"end":{"line":622,"column":13}},"271":{"start":{"line":620,"column":14},"end":{"line":620,"column":48}},"272":{"start":{"line":621,"column":14},"end":{"line":621,"column":49}},"273":{"start":{"line":623,"column":12},"end":{"line":623,"column":79}},"274":{"start":{"line":627,"column":8},"end":{"line":627,"column":29}},"275":{"start":{"line":631,"column":6},"end":{"line":635,"column":7}},"276":{"start":{"line":632,"column":8},"end":{"line":632,"column":42}},"277":{"start":{"line":634,"column":8},"end":{"line":634,"column":29}},"278":{"start":{"line":638,"column":6},"end":{"line":638,"column":57}},"279":{"start":{"line":639,"column":6},"end":{"line":649,"column":9}},"280":{"start":{"line":640,"column":8},"end":{"line":640,"column":42}},"281":{"start":{"line":640,"column":19},"end":{"line":640,"column":40}},"282":{"start":{"line":641,"column":8},"end":{"line":648,"column":9}},"283":{"start":{"line":642,"column":10},"end":{"line":642,"column":45}},"284":{"start":{"line":644,"column":10},"end":{"line":644,"column":33}},"285":{"start":{"line":645,"column":10},"end":{"line":645,"column":91}},"286":{"start":{"line":645,"column":47},"end":{"line":645,"column":87}},"287":{"start":{"line":646,"column":10},"end":{"line":646,"column":60}},"288":{"start":{"line":646,"column":25},"end":{"line":646,"column":58}},"289":{"start":{"line":647,"column":10},"end":{"line":647,"column":60}},"290":{"start":{"line":654,"column":0},"end":{"line":656,"column":2}},"291":{"start":{"line":655,"column":2},"end":{"line":655,"column":77}},"292":{"start":{"line":669,"column":0},"end":{"line":696,"column":2}},"293":{"start":{"line":670,"column":2},"end":{"line":672,"column":5}},"294":{"start":{"line":674,"column":2},"end":{"line":674,"column":68}},"295":{"start":{"line":674,"column":39},"end":{"line":674,"column":52}},"296":{"start":{"line":674,"column":53},"end":{"line":674,"column":66}},"297":{"start":{"line":675,"column":2},"end":{"line":675,"column":34}},"298":{"start":{"line":676,"column":2},"end":{"line":676,"column":62}},"299":{"start":{"line":678,"column":2},"end":{"line":695,"column":5}},"300":{"start":{"line":679,"column":4},"end":{"line":679,"column":38}},"301":{"start":{"line":679,"column":15},"end":{"line":679,"column":36}},"302":{"start":{"l
[...]
 old version","      storage.rename(tempFilename, filename, function (err) { return callback(err); });","    });","  });","};","","","","// Interface","module.exports = storage;",""],"l":{"10":1,"17":1,"18":1,"19":1,"20":1,"21":1,"22":1,"23":1,"29":1,"30":0,"31":0,"33":0,"44":1,"45":0,"46":0,"47":0,"48":0,"50":0,"51":0,"56":0,"58":0,"59":0,"60":0,"61":0,"62":0,"63":0,"64":0,"65":0,"66":0,"68":0,"82":1,"83":0,"86":0,"89":0,"90":0,"91":0,"93":0,"98":0,"102":0,"105":0,"114":1,"115":0,"117":0,"119":0,"121":0,"123":0,"124":0,"128":0,"136":1}},"/home/travis/build/npmtest/node-npmtest-nedb/nedb/lib/cursor.js":{"path":"/home/travis/build/npmtest/node-npmtest-nedb/nedb/lib/cursor.js","s":{"1":1,"2":1,"3":0,"4":0,"5":0,"6":0,"7":1,"8":0,"9":0,"10":1,"11":0,"12":0,"13":1,"14":0,"15":0,"16":1,"17":0,"18":0,"19":1,"20":0,"21":0,"22":0,"23":0,"24":0,"25":0,"26":0,"27":0,"28":0,"29":0,"30":0,"31":0,"32":0,"33":0,"34":0,"35":0,"36":0,"37":0,"38":0,"39":0,"40":0,"41":0,"42":0,"43":0,"44":0,"45":0,"46":0,"47":0,"48":1,"49":0,"50":1,"51":0,"52":0,"53":0,"54":0,"55":0,"56":0,"57":0,"58":0,"59":0,"60":0,"61":0,"62":0,"63":0,"64":0,"65":0,"66":0,"67":0,"68":0,"69":0,"70":0,"71":0,"72":0,"73":0,"74":0,"75":0,"76":0,"77":0,"78":0,"79":0,"80":0,"81":0,"82":0,"83":0,"84":0,"85":0,"86":0,"87":0,"88":0,"89":0,"90":1,"91":0,"92":1},"b":{"1":[0,0],"2":[0,0],"3":[0,0],"4":[0,0],"5":[0,0],"6":[0,0],"7":[0,0],"8":[0,0],"9":[0,0],"10":[0,0],"11":[0,0],"12":[0,0],"13":[0,0],"14":[0,0],"15":[0,0],"16":[0,0],"17":[0,0],"18":[0,0],"19":[0,0],"20":[0,0],"21":[0,0],"22":[0,0]},"f":{"1":0,"2":0,"3":0,"4":0,"5":0,"6":0,"7":0,"8":0,"9":0,"10":0,"11":0,"12":0,"13":0,"14":0,"15":0},"fnMap":{"1":{"name":"Cursor","line":16,"loc":{"start":{"line":16,"column":0},"end":{"line":16,"column":36}}},"2":{"name":"(anonymous_2)","line":26,"loc":{"start":{"line":26,"column":25},"end":{"line":26,"column":41}}},"3":{"name":"(anonymous_3)","line":35,"loc":{"start":{"line":35,"column":24},"end":{"line":35,"column":39}}},"4":{"name":"(anonymous_4)","line":45,"loc":{"start":{"line":45,"column":24},"end":{"line":45,"column":44}}},"5":{"name":"(anonymous_5)","line":56,"loc":{"start":{"line":56,"column":30},"end":{"line":56,"column":51}}},"6":{"name":"(anonymous_6)","line":65,"loc":{"start":{"line":65,"column":27},"end":{"line":65,"column":49}}},"7":{"name":"(anonymous_7)","line":79,"loc":{"start":{"line":79,"column":15},"end":{"line":79,"column":28}}},"8":{"name":"(anonymous_8)","line":85,"loc":{"start":{"line":85,"column":21},"end":{"line":85,"column":42}}},"9":{"name":"(anonymous_9)","line":89,"loc":{"start":{"line":89,"column":19},"end":{"line":89,"column":32}}},"10":{"name":"(anonymous_10)","line":96,"loc":{"start":{"line":96,"column":19},"end":{"line":96,"column":32}}},"11":{"name":"(anonymous_11)","line":118,"loc":{"start":{"line":118,"column":25},"end":{"line":118,"column":45}}},"12":{"name":"callback","line":124,"loc":{"start":{"line":124,"column":2},"end":{"line":124,"column":33}}},"13":{"name":"(anonymous_13)","line":132,"loc":{"start":{"line":132,"column":36},"end":{"line":132,"column":63}}},"14":{"name":"(anonymous_14)","line":166,"loc":{"start":{"line":166,"column":15},"end":{"line":166,"column":30}}},"15":{"name":"(anonymous_15)","line":197,"loc":{"start":{"line":197,"column":24},"end":{"line":197,"column":36}}}},"statementMap":{"1":{"start":{"line":4,"column":0},"end":{"line":6,"column":3}},"2":{"start":{"line":16,"column":0},"end":{"line":20,"column":1}},"3":{"start":{"line":17,"column":2},"end":{"line":17,"column":15}},"4":{"start":{"line":18,"column":2},"end":{"line":18,"column":27}},"5":{"start":{"line":19,"column":2},"end":{"line":19,"column":39}},"6":{"start":{"line":19,"column":16},"end":{"line":19,"column":37}},"7":{"start":{"line":26,"column":0},"end":{"line":29,"column":2}},"8":{"start":{"line":27,"column":2},"end":{"line":27,"column":22}},"9":{"start":{"line":28,"column":2},"end":{"line":28,"column":14}},"10":{"start":{"line":35,"column":0},"end":{"line":38,"column":2}},"11":{"start":{"line":36,"column":2},"end":{"line":36,"column":20}},"12":{"start":{"line":37,"column":2},"end":{"line":37,"column":14}},"13":{"start":{"line":45,"column":0},"end":{"line":48,"column":2}},"14":{"start":{"line":46,"column":2},"end":{"line":46,"column":25}},"15":{"start":{"line":47,"column":2},"end":{"line":47,"column":14}},"16":{"start":{"line":56,"column":0},"end":{"line":59,"column":2}},"17":{"start":{"line":57,"column":2},"end":{"line":57,"column":32}},"18":{"start":{"line":58,"column":2},"end":{"line":58,"column":14}},"19":{"start":{"line":65,"column":0},"end":{"line":108,"column":2}},"20":{"start":{"line":66,"column":2},"end":{"line":68,"column":5}},"21":{"start":{"line":70,"column":2},"end":{"line":72,"column":3}},"22":{"start":{"line":71,"column":4},"end":{"line":71,"column":22}},"23":{"start":{"line":74,"column":2},"end":{"line":74,"column":53}},"24":{"start":{"line":75,"column":2},"end":{"line":75,"column":53}},"25":{"start":{"line":78,"column":2},"end":{"line":78,"column":39}},"26":{"start":{"line":79,"column":2},"end":{"line":82,"column":5}},"27":{"start":{"line":80,"column":4},"end":{"line":80,"column":134}},"28":{"start":{"line":80,"column":66},"end":{"line":80,"column":132}},"29":{"start":{"line":81,"column":4},"end":{"line":81,"column":33}},"30":{"start":{"line":85,"column":2},"end":{"line":105,"column":5}},"31":{"start":{"line":86,"column":4},"end":{"line":86,"column":15}},"32":{"start":{"line":87,"column":4},"end":{"line":98,"column":5}},"33":{"start":{"line":88,"column":6},"end":{"line":88,"column":28}},"34":{"start":{"line":89,"column":6},"end":{"line":92,"column":9}},"35":{"start":{"line":90,"column":8},"end":{"line":90,"column":57}},"36":{"start":{"line":91,"column":8},"end":{"line":91,"column":68}},"37":{"start":{"line":91,"column":44},"end":{"line":91,"column":66}},"38":{"start":{"line":93,"column":6},"end":{"line":93,"column":40}},"39":{"start":{"line":95,"column":6},"end":{"line":95,"column":30}},"40":{"start":{"line":96,"column":6},"end":{"line":96,"column":61}},"41":{"start":{"line":96,"column":34},"end":{"line":96,"column":58}},"42":{"start":{"line":97,"column":6},"end":{"line":97,"column":47}},"43":{"start":{"line":99,"column":4},"end":{"line":103,"column":5}},"44":{"start":{"line":100,"column":6},"end":{"line":100,"column":33}},"45":{"start":{"line":102,"column":6},"end":{"line":102,"column":24}},"46":{"start":{"line":104,"column":4},"end":{"line":104,"column":21}},"47":{"start":{"line":107,"column":2},"end":{"line":107,"column":13}},"48":{"start":{"line":118,"column":0},"end":{"line":195,"column":2}},"49":{"start":{"line":119,"column":2},"end":{"line":122,"column":5}},"50":{"start":{"line":124,"column":2},"end":{"line":130,"column":3}},"51":{"start":{"line":125,"column":4},"end":{"line":129,"column":5}},"52":{"start":{"line":126,"column":6},"end":{"line":126,"column":48}},"53":{"start":{"line":128,"column":6},"end":{"line":128,"column":35}},"54":{"start":{"line":132,"column":2},"end":{"line":194,"column":5}},"55":{"start":{"line":133,"column":4},"end":{"line":133,"column":38}},"56":{"start":{"line":133,"column":15},"end":{"line":133,"column":36}},"57":{"start":{"line":135,"column":4},"end":{"line":154,"column":5}},"58":{"start":{"line":136,"column":6},"end":{"line":151,"column":7}},"59":{"start":{"line":137,"column":8},"end":{"line":150,"column":9}},"60":{"start":{"line":139,"column":10},"end":{"line":149,"column":11}},"61":{"start":{"line":140,"column":12},"end":{"line":146,"column":13}},"62":{"start":{"line":141,"column":14},"end":{"line":141,"column":27}},"63":{"start":{"line":143,"column":14},"end":{"line":143,"column":38}},"64":{"start":{"line":144,"column":14},"end":{"line":144,"column":25}},"65":{"start":{"line":145,"column":14},"end":{"line":145,"column":65}},"66":{"start":{"line":145,"column":57},"end":{"line":145,"column":63}},"67":{"start":{"line":148,"column":12},"end":{"line":148,"column":36}},"68":{"start":{"line":153,"column":6},"end":{"line":153,"column":27}},"69":{"start":{"line":157,"column":4},"end":{"line":183,"column":5}},"70":{"start":{"line":158,"column":6},"end":{"line":158,"column":37}},"71":{"start":{"line":161,"column":6},"end":{"line":161,"column":24}},"72":{"start":{"line":162,"column":6},"end":{"line":165,"column":7}},"73":{"start":{"line":163,"column":8},"end":{"line":163,"column":22}},"74":{"start":{"line":164,"column":8},"end":{"line":164,"column":64}},"75":{"start":{"line":166,"column":6},"end":{"line":176,"column":9}},"76":{"start":{"line":167,"column":8},"end":{"line":167,"column":34}},"77":{"start":{"line":168,"column":8},"end":{"line":174,"column":9}},"78":{"start":{"line":169,"column":10},"end":{"line":169,"column":34}},"79":{"start":{"line":170,"column":10},"end":{"line":170,"column":160}},"80":{"start":{"line":171,"column":10},"end":{"line":173,"column":11}},"81":{"start":{"line":172,"column":12},"end":{"line":172,"column":27}},"82":{"start":{"line":175,"column":8},"end":{"line":175,"column":17}},"83":{"start":{"line":179,"column":6},"end":{"line":180,"column":33}},"84":{"start":{"line":182,"column":6},"end":{"line":182,"column":42}},"85":{"start":{"line":186,"column":4},"end":{"line":191,"column":5}},"86":{"start":{"line":187,"column":6},"end":{"line":187,"column":30}},"87":{"start":{"line":189,"column":6},"end":{"line":189,"column":16}},"88":{"start":{"line":190,"column":6},"end":{"line":190,"column":22}},"89":{"start":{"line":193,"column":4},"end":{"line":193,"column":32}},"90":{"start":{"line":197,"column":0},"end":{"line":199,"column":2}},"91":{"start":{"line":198,"column":2},"end":{"line":198,"column":78}},"92":{"start":{"line":204,"column":0},"end":{"line":204,"column":24}}},"branchMap":{"1":{"line":18,"type":"binary-expr","locations":[{"start":{"line":18,"column":15},"end":{"line":18,"column":20}},{"start":{"line":18,"column":24},"end":{"line":18,"column":26}}]},"2":{"line":19,"type":"if","locations":[{"start":{"line":19,"column":2},"end":{"line":19,"column":2}},{"start":{"line":19,"column":2},"end":{"line":19,"column":2}}]},"3":{"line":70,"type":"if","locations":[{"start":{"line":70,"column":2},"end":{"line":70,"column":2}},{"start":{"line":70,"column":2},"end":{"line":70,"column":2}}]},"4":{"line":70,"type":"binary-expr","locations":[{"start":{"line":70,"column":6},"end":{"line":70,"column":36}},{"start":{"line":70,"column":40},"end":{"line":70,"column":82}}]},"5":{"line":74,"type":"cond-expr","locations":[{"start":{"line":74,"column":40},"end":{"line":74,"column":45}},{"start":{"line":74,"column":48},"end":{"line":74,"column":52}}]},"6":{"line":80,"type":"if","locations":[{"start":{"line":80,"column":4},"end":{"line":80,"column":4}},{"start":{"line":80,"column":4},"end":{"line":80,"column":4}}]},"7":{"line":80,"type":"binary-expr","locations":[{"start":{"line":80,"column":8},"end":{"line":80,"column":28}},{"start":{"line":80,"column":32},"end":{"line":80,"column":62}}]},"8":{"line":87,"type":"if","locations":[{"start":{"line":87,"column":4},"end":{"line":87,"column":4}},{"start":{"line":87,"column":4},"end":{"line":87,"column":4}}]},"9":{"line":91,"type":"if","locations":[{"start":{"line":91,"column":8},"end":{"line":91,"column":8}},{"start":{"line":91,"column":8},"end":{"line":91,"column":8}}]},"10":{"line":99,"type":"if","locations":[{"start":{"line":99,"column":4},"end":{"line":99,"column":4}},{"start":{"line":99,"column":4},"end":{"line":99,"column":4}}]},"11":{"line":125,"type":"if","locations":[{"start":{"line":125,"column":4},"end":{"line":125,"column":4}},{"start":{"line":125,"column":4},"end":{"line":125,"column":4}}]},"12":{"line":133,"type":"if","locations":[{"start":{"line":133,"column":4},"end":{"line":133,"column":4}},{"start":{"line":133,"column":4},"end":{"line":133,"column":4}}]},"13":{"line":137,"type":"if","locations":[{"start":{"line":137,"column":8},"end":{"line":137,"column":8}},{"start":{"line":137,"column":8},"end":{"line":137,"column":8}}]},"14":{"line":139,"type":"if","locations":[{"start":{"line":139,"column":10},"end":{"line":139,"column":10}},{"start":{"line":139,"column":10},"end":{"line":139,"column":10}}]},"15":{"line":140,"type":"if","locations":[{"start":{"line":140,"column":12},"end":{"line":140,"column":12}},{"start":{"line":140,"column":12},"end":{"line":140,"column":12}}]},"16":{"line":140,"type":"binary-expr","locations":[{"start":{"line":140,"column":16},"end":{"line":140,"column":26}},{"start":{"line":140,"column":30},"end":{"line":140,"column":50}}]},"17":{"line":145,"type":"if","locations":[{"start":{"line":145,"column":14},"end":{"line":145,"column":14}},{"start":{"line":145,"column":14},"end":{"line":145,"column":14}}]},"18":{"line":145,"type":"binary-expr","locations":[{"start":{"line":145,"column":18},"end":{"line":145,"column":29}},{"start":{"line":145,"column":33},"end":{"line":145,"column":53}}]},"19":{"line":157,"type":"if","locations":[{"start":{"line":157,"column":4},"end":{"line":157,"column":4}},{"start":{"line":157,"column":4},"end":{"line":157,"column":4}}]},"20":{"line":171,"type":"if","locations":[{"start":{"line":171,"column":10},"end":{"line":171,"column":10}},{"start":{"line":171,"column":10},"end":{"line":171,"column":10}}]},"21":{"line":179,"type":"binary-expr","locations":[{"start":{"line":179,"column":18},"end":{"line":179,"column":29}},{"start":{"line":179,"column":33},"end":{"line":179,"column":43}}]},"22":{"line":180,"type":"binary-expr","locations":[{"start":{"line":180,"column":17},"end":{"line":180,"column":27}},{"start":{"line":180,"column":31},"end":{"line":180,"column":32}}]}},"code":["/**"," * Manage access to data, be it to find, update or remove it"," */","var model = require('./model')","  , _ = require('underscore')","  ;","","","","/**"," * Create a new cursor for this collection"," * @param {Datastore} db - The datastore this cursor is bound to"," * @param {Query} query - The query this cursor will operate on"," * @param {Function} execFn - Handler to be executed after cursor has found the results and before the callback passed to find/findOne/update/remove"," */","function Cursor (db, query, execFn) {","  this.db = db;","  this.query = query || {};","  if (execFn) { this.execFn = execFn; }","}","","","/**"," * Set a limit to the number of results"," */","Cursor.prototype.limit = function(limit) {","  this._limit = limit;","  return this;","};","","","/**"," * Skip a the number of results"," */","Cursor.prototype.skip = function(skip) {","  this._skip = skip;","  return this;","};","","","/**"," * Sort results of the query"," * @param {SortQuery} sortQuery - SortQuery is { field: order }, field can use the dot-notation, order is 1 for ascending and -1 for descending"," */","Cursor.prototype.sort = function(sortQuery) {","  this._sort = sortQuery;","  return this;","};","","","/**"," * Add the use of a projection"," * @param {Object} projection - MongoDB-style projection. {} means take all fields. Then it's { key1: 1, key2: 1 } to take only key1 and key2"," *                              { key1: 0, key2: 0 } to omit only key1 and key2. Except _id, you can't mix takes and omits"," */","Cursor.prototype.projection = function(projection) {","  this._projection = projection;","  return this;","};","","","/**"," * Apply the projection"," */","Cursor.prototype.project = function (candidates) {","  var res = [], self = this","    , keepId, action, keys","    ;","","  if (this._projection === undefined || Object.keys(this._projection).length === 0) {","    return candidates;","  }","","  keepId = this._projection._id === 0 ? false : true;","  this._projection = _.omit(this._projection, '_id');","","  // Check for consistency","  keys = Object.keys(this._projection);","  keys.forEach(function (k) {","    if (action !== undefined && self._projection[k] !== action) { throw new Error(\"Can't both keep and omit fields except for _id\"); }","    action = self._projection[k];","  });","","  // Do the actual projection","  candidates.forEach(function (candidate) {","    var toPush;","    if (action === 1) {   // pick-type projection","      toPush = { $set: {} };","      keys.forEach(function (k) {","        toPush.$set[k] = model.getDotValue(candidate, k);","        if (toPush.$set[k] === undefined) { delete toPush.$set[k]; }","      });","      toPush = model.modify({}, toPush);","    } else {   // omit-type projection","      toPush = { $unset: {} };","      keys.forEach(function (k) { toPush.$unset[k] = true });","      toPush = model.modify(candidate, toPush);","    }","    if (keepId) {","      toPush._id = candidate._id;","    } else {","      delete toPush._id;","    }","    res.push(toPush);","  });","","  return res;","};","","","/**"," * Get all matching elements"," * Will return pointers to matched elements (shallow copies), returning full copies is the role of find or findOne"," * This is an internal function, use exec which uses the executor"," *"," * @param {Function} callback - Signature: err, results"," */","Cursor.prototype._exec = function(_callback) {","  var res = [], added = 0, skipped = 0, self = this","    , error = null","    , i, keys, key","    ;","","  function callback (error, res) {","    if (self.execFn) {","      return self.execFn(error, res, _callback);","    } else {","      return _callback(error, res);","    }","  }","","  this.db.getCandidates(this.query, function (err, candidates) {","    if (err) { return callback(err); }","","    try {","      for (i = 0; i < candidates.length; i += 1) {","        if (model.match(candidates[i], self.query)) {","          // If a sort is defined, wait for the results to be sorted before applying limit and skip","          if (!self._sort) {","            if (self._skip && self._skip > skipped) {","              skipped += 1;","            } else {","              res.push(candidates[i]);","              added += 1;","              if (self._limit && self._limit <= added) { break; }","            }","          } else {","            res.push(candidates[i]);","          }","        }","      }","    } catch (err) {","      return callback(err);","    }","","    // Apply all sorts","    if (self._sort) {","      keys = Object.keys(self._sort);","","      // Sorting","      var criteria = [];","      for (i = 0; i < keys.length; i++) {","        key = keys[i];","        criteria.push({ key: key, direction: self._sort[key] });","      }","      res.sort(function(a, b) {","        var criterion, compare, i;","        for (i = 0; i < criteria.length; i++) {","          criterion = criteria[i];","          compare = criterion.direction * model.compareThings(model.getDotValue(a, criterion.key), model.getDotValue(b, criterion.key), self.db.compareStrings);","          if (compare !== 0) {","            return compare;","          }","        }","        return 0;","      });","","      // Applying limit and skip","      var limit = self._limit || res.length","        , skip = self._skip || 0;","","      res = res.slice(skip, skip + limit);","    }","","    // Apply projection","    try {","      res = self.project(res);","    } catch (e) {","      error = e;","      res = undefined;","    }","","    return callback(error, res);","  });","};","","Cursor.prototype.exec = function () {","  this.db.executor.push({ this: this, fn: this._exec, arguments: arguments });","};","","","","// Interface","module.exports = Cursor;",""],"l":{"4":1,"16":1,"17":0,"18":0,"19":0,"26":1,"27":0,"28":0,"35":1,"36":0,"37":0,"45":1,"46":0,"47":0,"56":1,"57":0,"58":0,"65":1,"66":0,"70":0,"71":0,"74":0,"75":0,"78":0,"79":0,"80":0,"81":0,"85":0,"86":0,"87":0,"88":0,"89":0,"90":0,"91":0,"93":0,"95":0,"96":0,"97":0,"99":0,"100":0,"102":0,"104":0,"107":0,"118":1,"119":0,"124":1,"125":0,"126":0,"128":0,"132":0,"133":0,"135":0,"136":0,"137":0,"139":0,"140":0,"141":0,"143":0,"144":0,"145":0,"148":0,"153":0,"157":0,"158":0,"161":0,"162":0,"163":0,"164":0,"166":0,"167":0,"168":0,"169":0,"170":0,"171":0,"172":0,"175":0,"179":0,"182":0,"186":0,"187":0,"189":0,"190":0,"193":0,"197":1,"198":0,"204":1}}}